2024-11-20 19:26:08,026 Namespace(cfg='experiments/room_height_nto2/hrnet/w48_384x288_adam_lr1e-3.yaml', dataDir='', logDir='', modelDir='', opts=['MODEL.PRETRAINED', 'models/pose_hrnet-w48_384x288-deepfashion2_mAP_0.7017.pth'], prevModelDir='')
2024-11-20 19:26:08,026 AUTO_RESUME: False
CUDNN:
  BENCHMARK: True
  DETERMINISTIC: False
  ENABLED: True
DATASET:
  COLOR_RGB: True
  DATASET: room_height_nto2
  DATA_FORMAT: jpg
  FLIP: False
  HYBRID_JOINTS_TYPE: 
  MINI_DATASET: False
  NUM_JOINTS_HALF_BODY: 8
  PROB_HALF_BODY: 0.3
  ROOT: data/room_height_nto2/
  ROT_FACTOR: 15
  SCALE_FACTOR: 0.1
  SELECT_CAT: [1, 2, 3, 4, 5, 6, 7, 8, 9, 10, 11, 12, 13]
  SELECT_DATA: False
  TEST_SET: validation
  TRAIN_SET: train
DATA_DIR: 
DEBUG:
  DEBUG: True
  SAVE_BATCH_IMAGES_GT: False
  SAVE_BATCH_IMAGES_GT_PRED: True
  SAVE_BATCH_IMAGES_PRED: False
  SAVE_HEATMAPS_GT: True
  SAVE_HEATMAPS_PRED: True
GPUS: (1,)
LOG_DIR: log
LOSS:
  TOPK: 8
  USE_DIFFERENT_JOINTS_WEIGHT: False
  USE_OHKM: False
  USE_TARGET_WEIGHT: True
MODEL:
  EXTRA:
    FINAL_CONV_KERNEL: 1
    PRETRAINED_LAYERS: ['conv1', 'bn1', 'conv2', 'bn2', 'layer1', 'transition1', 'stage2', 'transition2', 'stage3', 'transition3', 'stage4']
    STAGE2:
      BLOCK: BASIC
      FUSE_METHOD: SUM
      NUM_BLOCKS: [4, 4]
      NUM_BRANCHES: 2
      NUM_CHANNELS: [48, 96]
      NUM_MODULES: 1
    STAGE3:
      BLOCK: BASIC
      FUSE_METHOD: SUM
      NUM_BLOCKS: [4, 4, 4]
      NUM_BRANCHES: 3
      NUM_CHANNELS: [48, 96, 192]
      NUM_MODULES: 4
    STAGE4:
      BLOCK: BASIC
      FUSE_METHOD: SUM
      NUM_BLOCKS: [4, 4, 4, 4]
      NUM_BRANCHES: 4
      NUM_CHANNELS: [48, 96, 192, 384]
      NUM_MODULES: 3
  GCN_INPUT_FEATURE_DIM: 48
  GCN_NODE_FEATURE_DIM: 256
  GCN_NUM_LAYERS: 3
  GCN_NUM_NODES: 294
  HEATMAP_SIZE: [72, 96]
  IMAGE_SIZE: [288, 384]
  INIT_WEIGHTS: True
  NAME: pose_hrnet
  NUM_JOINTS: 294
  PRETRAINED: models/pose_hrnet-w48_384x288-deepfashion2_mAP_0.7017.pth
  SIGMA: 2
  TAG_PER_JOINT: True
  TARGET_TYPE: gaussian
OUTPUT_DIR: output
PIN_MEMORY: True
PRINT_FREQ: 20
RANK: 0
TAG: 
TEST:
  BATCH_SIZE_PER_GPU: 4
  BBOX_THRE: 0.1
  COCO_BBOX_FILE: 
  DEEPFASHION2_BBOX_FILE: 
  FLIP_TEST: False
  IMAGE_THRE: 0.1
  IN_VIS_THRE: 0.2
  MODEL_FILE: 
  NMS_THRE: 1.0
  OKS_THRE: 0.9
  POST_PROCESS: True
  SHIFT_HEATMAP: True
  SOFT_NMS: False
  USE_GT_BBOX: True
TRAIN:
  BATCH_SIZE_PER_GPU: 4
  BEGIN_EPOCH: 70
  CHECKPOINT: 
  END_EPOCH: 500
  GAMMA1: 0.99
  GAMMA2: 0.0
  LR: 0.001
  LR_FACTOR: 0.1
  LR_STEP: [170, 200]
  MOMENTUM: 0.9
  NESTEROV: False
  OPTIMIZER: adam
  RESUME: False
  SHUFFLE: True
  WD: 0.0
WORKERS: 4
2024-11-20 19:26:08,322 Let's use 2 GPUs!
2024-11-20 19:26:08,644 => init weights from normal distribution
2024-11-20 19:26:09,109 => loading pretrained model models/pose_hrnet-w48_384x288-deepfashion2_mAP_0.7017.pth
