2024-11-20 19:56:21,720 Namespace(cfg='experiments/room_height_nto2/hrnet/w48_384x288_adam_lr1e-3_renewal.yaml', dataDir='', logDir='', modelDir='', opts=['MODEL.PRETRAINED', 'models/pose_hrnet-w48_384x288-deepfashion2_mAP_0.7017.pth'], prevModelDir='')
2024-11-20 19:56:21,720 AUTO_RESUME: False
CUDNN:
  BENCHMARK: True
  DETERMINISTIC: False
  ENABLED: True
DATASET:
  COLOR_RGB: True
  DATASET: Auto
  DATA_FORMAT: jpg
  FLIP: False
  HYBRID_JOINTS_TYPE: 
  MINI_DATASET: False
  NUM_JOINTS_HALF_BODY: 8
  PROB_HALF_BODY: 0.3
  ROOT: data/room_height_nto2/
  ROT_FACTOR: 15
  SCALE_FACTOR: 0.1
  SELECT_CAT: [1, 2, 3, 4, 5, 6, 7, 8, 9, 10, 11, 12, 13]
  SELECT_DATA: False
  TEST_SET: validation
  TRAIN_SET: train
  flip_fairs: [[1, 2]]
  num_keypoints: 2
DATA_DIR: 
DEBUG:
  DEBUG: True
  SAVE_BATCH_IMAGES_GT: False
  SAVE_BATCH_IMAGES_GT_PRED: True
  SAVE_BATCH_IMAGES_PRED: False
  SAVE_HEATMAPS_GT: True
  SAVE_HEATMAPS_PRED: True
GPUS: (1,)
LOG_DIR: log
LOSS:
  TOPK: 8
  USE_DIFFERENT_JOINTS_WEIGHT: False
  USE_OHKM: False
  USE_TARGET_WEIGHT: True
MODEL:
  EXTRA:
    FINAL_CONV_KERNEL: 1
    PRETRAINED_LAYERS: ['conv1', 'bn1', 'conv2', 'bn2', 'layer1', 'transition1', 'stage2', 'transition2', 'stage3', 'transition3', 'stage4']
    STAGE2:
      BLOCK: BASIC
      FUSE_METHOD: SUM
      NUM_BLOCKS: [4, 4]
      NUM_BRANCHES: 2
      NUM_CHANNELS: [48, 96]
      NUM_MODULES: 1
    STAGE3:
      BLOCK: BASIC
      FUSE_METHOD: SUM
      NUM_BLOCKS: [4, 4, 4]
      NUM_BRANCHES: 3
      NUM_CHANNELS: [48, 96, 192]
      NUM_MODULES: 4
    STAGE4:
      BLOCK: BASIC
      FUSE_METHOD: SUM
      NUM_BLOCKS: [4, 4, 4, 4]
      NUM_BRANCHES: 4
      NUM_CHANNELS: [48, 96, 192, 384]
      NUM_MODULES: 3
  GCN_INPUT_FEATURE_DIM: 48
  GCN_NODE_FEATURE_DIM: 256
  GCN_NUM_LAYERS: 3
  GCN_NUM_NODES: 294
  HEATMAP_SIZE: [72, 96]
  IMAGE_SIZE: [288, 384]
  INIT_WEIGHTS: True
  NAME: pose_hrnet
  NUM_JOINTS: 294
  PRETRAINED: models/pose_hrnet-w48_384x288-deepfashion2_mAP_0.7017.pth
  SIGMA: 2
  TAG_PER_JOINT: True
  TARGET_TYPE: gaussian
OUTPUT_DIR: output
PIN_MEMORY: True
PRINT_FREQ: 20
RANK: 0
TAG: 
TEST:
  BATCH_SIZE_PER_GPU: 4
  BBOX_THRE: 0.1
  COCO_BBOX_FILE: 
  DEEPFASHION2_BBOX_FILE: 
  FLIP_TEST: False
  IMAGE_THRE: 0.1
  IN_VIS_THRE: 0.2
  MODEL_FILE: 
  NMS_THRE: 1.0
  OKS_THRE: 0.9
  POST_PROCESS: True
  SHIFT_HEATMAP: True
  SOFT_NMS: False
  USE_GT_BBOX: True
TRAIN:
  BATCH_SIZE_PER_GPU: 4
  BEGIN_EPOCH: 70
  CHECKPOINT: 
  END_EPOCH: 500
  GAMMA1: 0.99
  GAMMA2: 0.0
  LR: 0.001
  LR_FACTOR: 0.1
  LR_STEP: [170, 200]
  MOMENTUM: 0.9
  NESTEROV: False
  OPTIMIZER: adam
  RESUME: False
  SHUFFLE: True
  WD: 0.0
WORKERS: 4
2024-11-20 19:56:21,996 Let's use 2 GPUs!
2024-11-20 19:56:22,320 => init weights from normal distribution
2024-11-20 19:56:22,783 => loading pretrained model models/pose_hrnet-w48_384x288-deepfashion2_mAP_0.7017.pth
2024-11-20 19:56:22,909 => classes: ['__background__', 'height', 'long_sleeved_shirt', 'short_sleeved_outwear', 'long_sleeved_outwear', 'vest', 'sling', 'shorts', 'trousers', 'cow', 'short_sleeved_dress', 'long_sleeved_dress', 'vest_dress', 'sling_dress']
2024-11-20 19:56:22,909 => num_images: 26
2024-11-20 19:56:23,261 => load 26 samples
2024-11-20 19:56:23,263 => classes: ['__background__', 'height', 'long_sleeved_shirt', 'short_sleeved_outwear', 'long_sleeved_outwear', 'vest', 'sling', 'shorts', 'trousers', 'cow', 'short_sleeved_dress', 'long_sleeved_dress', 'vest_dress', 'sling_dress']
2024-11-20 19:56:23,263 => num_images: 12
2024-11-20 19:56:23,339 => load 12 samples
2024-11-20 19:56:23,339 Training Data Analysis:
2024-11-20 19:56:23,339 Class idx  |     0 |     1 |     2 |     3 |     4 |     5 |     6 |     7 |     8 |     9 |    10 |    11 |    12 |    13 
2024-11-20 19:56:23,339 Proportion |  0.00 |  1.00 |  0.00 |  0.00 |  0.00 |  0.00 |  0.00 |  0.00 |  0.00 |  0.00 |  0.00 |  0.00 |  0.00 |  0.00 
2024-11-20 19:56:23,339 Weights    | 50.00 |  0.98 | 50.00 | 50.00 | 50.00 | 50.00 | 50.00 | 50.00 | 50.00 | 50.00 | 50.00 | 50.00 | 50.00 | 50.00 
2024-11-20 19:56:23,341 => Start training...
2024-11-20 19:56:25,350 Epoch: [70][0/4]	Time 2.006s (2.006s)	Speed 4.0 samples/s	Data 0.463s (0.463s)	Loss 0.001777 (0.001777)	acc 0.250 (0.250)
2024-11-20 19:56:28,730 Test: [0/2]	Time 0.644 (0.644)	Loss 0.00110 (0.00110)	acc 0.438 (0.438)
2024-11-20 19:56:30,121 => writing results json to output/Auto/pose_hrnet/w48_384x288_adam_lr1e-3_renewal/2024-11-20-19-56/results/keypoints_validation_results_0.json
2024-11-20 19:56:30,140 | Arch | AP | Ap .5 | AP .75 | AP (M) | AP (L) | AR | AR .5 | AR .75 | AR (M) | AR (L) |
2024-11-20 19:56:30,140 |---|---|---|---|---|---|---|---|---|---|---|
2024-11-20 19:56:30,140 | pose_hrnet | 0.0223 | 0.0223 | 0.0223 | -1.0000 | 0.0223 | 0.0833 | 0.0833 | 0.0833 | -1.0000 | 0.0833 |
2024-11-20 19:56:30,140 => saving checkpoint to output/Auto/pose_hrnet/w48_384x288_adam_lr1e-3_renewal/2024-11-20-19-56
2024-11-20 19:56:32,447 # Best AP 0.022277227722772276
2024-11-20 19:56:33,270 Epoch: [71][0/4]	Time 0.818s (0.818s)	Speed 9.8 samples/s	Data 0.313s (0.313s)	Loss 0.001254 (0.001254)	acc 0.500 (0.500)
2024-11-20 19:56:36,582 Test: [0/2]	Time 0.700 (0.700)	Loss 0.00092 (0.00092)	acc 0.750 (0.750)
2024-11-20 19:56:37,961 => writing results json to output/Auto/pose_hrnet/w48_384x288_adam_lr1e-3_renewal/2024-11-20-19-56/results/keypoints_validation_results_0.json
2024-11-20 19:56:37,989 | Arch | AP | Ap .5 | AP .75 | AP (M) | AP (L) | AR | AR .5 | AR .75 | AR (M) | AR (L) |
2024-11-20 19:56:37,989 |---|---|---|---|---|---|---|---|---|---|---|
2024-11-20 19:56:37,989 | pose_hrnet | 0.4308 | 0.4308 | 0.4308 | -1.0000 | 0.4308 | 0.5833 | 0.5833 | 0.5833 | -1.0000 | 0.5833 |
2024-11-20 19:56:37,990 => saving checkpoint to output/Auto/pose_hrnet/w48_384x288_adam_lr1e-3_renewal/2024-11-20-19-56
2024-11-20 19:56:40,318 # Best AP 0.4307680768076808
2024-11-20 19:56:41,212 Epoch: [72][0/4]	Time 0.890s (0.890s)	Speed 9.0 samples/s	Data 0.340s (0.340s)	Loss 0.001091 (0.001091)	acc 0.688 (0.688)
2024-11-20 19:56:44,501 Test: [0/2]	Time 0.719 (0.719)	Loss 0.00084 (0.00084)	acc 0.938 (0.938)
2024-11-20 19:56:45,890 => writing results json to output/Auto/pose_hrnet/w48_384x288_adam_lr1e-3_renewal/2024-11-20-19-56/results/keypoints_validation_results_0.json
2024-11-20 19:56:45,912 | Arch | AP | Ap .5 | AP .75 | AP (M) | AP (L) | AR | AR .5 | AR .75 | AR (M) | AR (L) |
2024-11-20 19:56:45,912 |---|---|---|---|---|---|---|---|---|---|---|
2024-11-20 19:56:45,913 | pose_hrnet | 0.8548 | 0.8696 | 0.8696 | -1.0000 | 0.8548 | 0.9083 | 0.9167 | 0.9167 | -1.0000 | 0.9083 |
2024-11-20 19:56:45,913 => saving checkpoint to output/Auto/pose_hrnet/w48_384x288_adam_lr1e-3_renewal/2024-11-20-19-56
2024-11-20 19:56:48,368 # Best AP 0.8547854785478547
2024-11-20 19:56:49,336 Epoch: [73][0/4]	Time 0.964s (0.964s)	Speed 8.3 samples/s	Data 0.392s (0.392s)	Loss 0.000910 (0.000910)	acc 0.938 (0.938)
2024-11-20 19:56:52,627 Test: [0/2]	Time 0.684 (0.684)	Loss 0.00078 (0.00078)	acc 0.938 (0.938)
2024-11-20 19:56:54,007 => writing results json to output/Auto/pose_hrnet/w48_384x288_adam_lr1e-3_renewal/2024-11-20-19-56/results/keypoints_validation_results_0.json
2024-11-20 19:56:54,030 | Arch | AP | Ap .5 | AP .75 | AP (M) | AP (L) | AR | AR .5 | AR .75 | AR (M) | AR (L) |
2024-11-20 19:56:54,030 |---|---|---|---|---|---|---|---|---|---|---|
2024-11-20 19:56:54,030 | pose_hrnet | 0.8290 | 0.8424 | 0.8424 | -1.0000 | 0.8290 | 0.9083 | 0.9167 | 0.9167 | -1.0000 | 0.9083 |
2024-11-20 19:56:54,030 => saving checkpoint to output/Auto/pose_hrnet/w48_384x288_adam_lr1e-3_renewal/2024-11-20-19-56
2024-11-20 19:56:54,038 # Best AP 0.8547854785478547
2024-11-20 19:56:54,863 Epoch: [74][0/4]	Time 0.822s (0.822s)	Speed 9.7 samples/s	Data 0.361s (0.361s)	Loss 0.000834 (0.000834)	acc 0.938 (0.938)
2024-11-20 19:56:58,302 Test: [0/2]	Time 0.709 (0.709)	Loss 0.00067 (0.00067)	acc 0.938 (0.938)
2024-11-20 19:56:59,692 => writing results json to output/Auto/pose_hrnet/w48_384x288_adam_lr1e-3_renewal/2024-11-20-19-56/results/keypoints_validation_results_0.json
2024-11-20 19:56:59,715 | Arch | AP | Ap .5 | AP .75 | AP (M) | AP (L) | AR | AR .5 | AR .75 | AR (M) | AR (L) |
2024-11-20 19:56:59,715 |---|---|---|---|---|---|---|---|---|---|---|
2024-11-20 19:56:59,715 | pose_hrnet | 0.8837 | 0.8837 | 0.8837 | -1.0000 | 0.8837 | 0.9167 | 0.9167 | 0.9167 | -1.0000 | 0.9167 |
2024-11-20 19:56:59,715 => saving checkpoint to output/Auto/pose_hrnet/w48_384x288_adam_lr1e-3_renewal/2024-11-20-19-56
2024-11-20 19:57:02,208 # Best AP 0.8836633663366337
