2024-11-21 15:30:58,415 Namespace(cfg='experiments/Auto/hrnet/w48_384x288_adam_lr1e-3_auto.yaml', dataDir='', logDir='', modelDir='', opts=['MODEL.PRETRAINED', 'models/pose_hrnet-w48_384x288-deepfashion2_mAP_0.7017.pth'], prevModelDir='')
2024-11-21 15:30:58,415 AUTO_RESUME: False
CUDNN:
  BENCHMARK: True
  DETERMINISTIC: False
  ENABLED: True
DATASET:
  COLOR_RGB: True
  DATASET: Auto
  DATA_FORMAT: png
  FLIP: False
  FLIP_FAIRS: [[1, 2], [3, 5], [4, 6], [7, 8], [9, 10], [10, 11], [11, 12], [13, 14], [15, 18], [16, 17], [19, 21], [20, 22]]
  HYBRID_JOINTS_TYPE: 
  MINI_DATASET: False
  NUM_JOINTS_HALF_BODY: 8
  NUM_KEPOINTS: 22
  PROB_HALF_BODY: 0.3
  ROOT: data/front/
  ROT_FACTOR: 15
  SCALE_FACTOR: 0.1
  SELECT_CAT: [1, 2, 3, 4, 5, 6, 7, 8, 9, 10, 11, 12, 13]
  SELECT_DATA: False
  TEST_SET: validation
  TRAIN_SET: train
DATA_DIR: 
DEBUG:
  DEBUG: True
  SAVE_BATCH_IMAGES_GT: False
  SAVE_BATCH_IMAGES_GT_PRED: True
  SAVE_BATCH_IMAGES_PRED: False
  SAVE_HEATMAPS_GT: True
  SAVE_HEATMAPS_PRED: True
GPUS: (1,)
LOG_DIR: log
LOSS:
  TOPK: 8
  USE_DIFFERENT_JOINTS_WEIGHT: False
  USE_OHKM: False
  USE_TARGET_WEIGHT: True
MODEL:
  EXTRA:
    FINAL_CONV_KERNEL: 1
    PRETRAINED_LAYERS: ['conv1', 'bn1', 'conv2', 'bn2', 'layer1', 'transition1', 'stage2', 'transition2', 'stage3', 'transition3', 'stage4']
    STAGE2:
      BLOCK: BASIC
      FUSE_METHOD: SUM
      NUM_BLOCKS: [4, 4]
      NUM_BRANCHES: 2
      NUM_CHANNELS: [48, 96]
      NUM_MODULES: 1
    STAGE3:
      BLOCK: BASIC
      FUSE_METHOD: SUM
      NUM_BLOCKS: [4, 4, 4]
      NUM_BRANCHES: 3
      NUM_CHANNELS: [48, 96, 192]
      NUM_MODULES: 4
    STAGE4:
      BLOCK: BASIC
      FUSE_METHOD: SUM
      NUM_BLOCKS: [4, 4, 4, 4]
      NUM_BRANCHES: 4
      NUM_CHANNELS: [48, 96, 192, 384]
      NUM_MODULES: 3
  GCN_INPUT_FEATURE_DIM: 48
  GCN_NODE_FEATURE_DIM: 256
  GCN_NUM_LAYERS: 3
  GCN_NUM_NODES: 294
  HEATMAP_SIZE: [72, 96]
  IMAGE_SIZE: [288, 384]
  INIT_WEIGHTS: True
  NAME: pose_hrnet
  NUM_JOINTS: 294
  PRETRAINED: models/pose_hrnet-w48_384x288-deepfashion2_mAP_0.7017.pth
  SIGMA: 2
  TAG_PER_JOINT: True
  TARGET_TYPE: gaussian
OUTPUT_DIR: output
PIN_MEMORY: True
PRINT_FREQ: 20
RANK: 0
TAG: 
TEST:
  BATCH_SIZE_PER_GPU: 4
  BBOX_THRE: 0.1
  COCO_BBOX_FILE: 
  DEEPFASHION2_BBOX_FILE: 
  FLIP_TEST: False
  IMAGE_THRE: 0.1
  IN_VIS_THRE: 0.2
  MODEL_FILE: 
  NMS_THRE: 1.0
  OKS_THRE: 0.9
  POST_PROCESS: True
  SHIFT_HEATMAP: True
  SOFT_NMS: False
  USE_GT_BBOX: True
TRAIN:
  BATCH_SIZE_PER_GPU: 4
  BEGIN_EPOCH: 0
  CHECKPOINT: 
  END_EPOCH: 100
  GAMMA1: 0.99
  GAMMA2: 0.0
  LR: 0.001
  LR_FACTOR: 0.1
  LR_STEP: [170, 200]
  MOMENTUM: 0.9
  NESTEROV: False
  OPTIMIZER: adam
  RESUME: False
  SHUFFLE: True
  WD: 0.0
WORKERS: 4
2024-11-21 15:30:58,704 Let's use 2 GPUs!
2024-11-21 15:30:59,022 => init weights from normal distribution
2024-11-21 15:30:59,557 => loading pretrained model models/pose_hrnet-w48_384x288-deepfashion2_mAP_0.7017.pth
2024-11-21 15:30:59,678 => classes: ['__background__', 'front', 'long_sleeved_shirt', 'short_sleeved_outwear', 'long_sleeved_outwear', 'vest', 'sling', 'shorts', 'trousers', 'cow', 'short_sleeved_dress', 'long_sleeved_dress', 'vest_dress', 'sling_dress']
2024-11-21 15:30:59,678 => num_images: 19
2024-11-21 15:31:00,316 => load 19 samples
2024-11-21 15:31:00,324 => classes: ['__background__', 'front', 'long_sleeved_shirt', 'short_sleeved_outwear', 'long_sleeved_outwear', 'vest', 'sling', 'shorts', 'trousers', 'cow', 'short_sleeved_dress', 'long_sleeved_dress', 'vest_dress', 'sling_dress']
2024-11-21 15:31:00,324 => num_images: 9
2024-11-21 15:31:00,652 => load 9 samples
2024-11-21 15:31:00,657 Training Data Analysis:
2024-11-21 15:31:00,657 Class idx  |     0 |     1 |     2 |     3 |     4 |     5 |     6 |     7 |     8 |     9 |    10 |    11 |    12 |    13 
2024-11-21 15:31:00,657 Proportion |  0.00 |  1.00 |  0.00 |  0.00 |  0.00 |  0.00 |  0.00 |  0.00 |  0.00 |  0.00 |  0.00 |  0.00 |  0.00 |  0.00 
2024-11-21 15:31:00,657 Weights    | 50.00 |  0.98 | 50.00 | 50.00 | 50.00 | 50.00 | 50.00 | 50.00 | 50.00 | 50.00 | 50.00 | 50.00 | 50.00 | 50.00 
2024-11-21 15:31:00,661 => Start training...
2024-11-21 15:31:02,665 Epoch: [0][0/3]	Time 2.000s (2.000s)	Speed 4.0 samples/s	Data 0.435s (0.435s)	Loss 0.002457 (0.002457)	acc 0.000 (0.000)
2024-11-21 15:31:05,558 Test: [0/2]	Time 0.637 (0.637)	Loss 0.00164 (0.00164)	acc 0.500 (0.500)
2024-11-21 15:31:06,862 => writing results json to output/Auto/pose_hrnet/w48_384x288_adam_lr1e-3_auto/2024-11-21-15-30/results/keypoints_validation_results_0.json
2024-11-21 15:31:06,877 | Arch | AP | Ap .5 | AP .75 | AP (M) | AP (L) | AR | AR .5 | AR .75 | AR (M) | AR (L) |
2024-11-21 15:31:06,877 |---|---|---|---|---|---|---|---|---|---|---|
2024-11-21 15:31:06,877 | pose_hrnet | 0.0097 | 0.0836 | 0.0000 | -1.0000 | 0.0097 | 0.0333 | 0.2222 | 0.0000 | -1.0000 | 0.0333 |
2024-11-21 15:31:06,877 => saving checkpoint to output/Auto/pose_hrnet/w48_384x288_adam_lr1e-3_auto/2024-11-21-15-30
2024-11-21 15:31:09,123 # Best AP 0.009680968096809682
2024-11-21 15:31:10,031 Epoch: [1][0/3]	Time 0.903s (0.903s)	Speed 8.9 samples/s	Data 0.324s (0.324s)	Loss 0.001596 (0.001596)	acc 0.562 (0.562)
2024-11-21 15:31:12,843 Test: [0/2]	Time 0.702 (0.702)	Loss 0.00105 (0.00105)	acc 0.500 (0.500)
2024-11-21 15:31:14,003 => writing results json to output/Auto/pose_hrnet/w48_384x288_adam_lr1e-3_auto/2024-11-21-15-30/results/keypoints_validation_results_0.json
2024-11-21 15:31:14,021 | Arch | AP | Ap .5 | AP .75 | AP (M) | AP (L) | AR | AR .5 | AR .75 | AR (M) | AR (L) |
2024-11-21 15:31:14,021 |---|---|---|---|---|---|---|---|---|---|---|
2024-11-21 15:31:14,021 | pose_hrnet | 0.0119 | 0.1188 | 0.0000 | -1.0000 | 0.0119 | 0.0111 | 0.1111 | 0.0000 | -1.0000 | 0.0111 |
2024-11-21 15:31:14,022 => saving checkpoint to output/Auto/pose_hrnet/w48_384x288_adam_lr1e-3_auto/2024-11-21-15-30
2024-11-21 15:31:16,339 # Best AP 0.011881188118811878
2024-11-21 15:31:17,178 Epoch: [2][0/3]	Time 0.834s (0.834s)	Speed 9.6 samples/s	Data 0.367s (0.367s)	Loss 0.001065 (0.001065)	acc 0.500 (0.500)
2024-11-21 15:31:20,057 Test: [0/2]	Time 0.692 (0.692)	Loss 0.00105 (0.00105)	acc 0.750 (0.750)
2024-11-21 15:31:21,205 => writing results json to output/Auto/pose_hrnet/w48_384x288_adam_lr1e-3_auto/2024-11-21-15-30/results/keypoints_validation_results_0.json
2024-11-21 15:31:21,223 | Arch | AP | Ap .5 | AP .75 | AP (M) | AP (L) | AR | AR .5 | AR .75 | AR (M) | AR (L) |
2024-11-21 15:31:21,223 |---|---|---|---|---|---|---|---|---|---|---|
2024-11-21 15:31:21,223 | pose_hrnet | 0.1001 | 0.4407 | 0.0506 | -1.0000 | 0.1001 | 0.2111 | 0.5556 | 0.2222 | -1.0000 | 0.2111 |
2024-11-21 15:31:21,223 => saving checkpoint to output/Auto/pose_hrnet/w48_384x288_adam_lr1e-3_auto/2024-11-21-15-30
2024-11-21 15:31:23,548 # Best AP 0.10008800880088009
2024-11-21 15:31:24,382 Epoch: [3][0/3]	Time 0.829s (0.829s)	Speed 9.6 samples/s	Data 0.332s (0.332s)	Loss 0.000997 (0.000997)	acc 0.688 (0.688)
2024-11-21 15:31:27,135 Test: [0/2]	Time 0.697 (0.697)	Loss 0.00077 (0.00077)	acc 0.938 (0.938)
2024-11-21 15:31:28,307 => writing results json to output/Auto/pose_hrnet/w48_384x288_adam_lr1e-3_auto/2024-11-21-15-30/results/keypoints_validation_results_0.json
2024-11-21 15:31:28,325 | Arch | AP | Ap .5 | AP .75 | AP (M) | AP (L) | AR | AR .5 | AR .75 | AR (M) | AR (L) |
2024-11-21 15:31:28,325 |---|---|---|---|---|---|---|---|---|---|---|
2024-11-21 15:31:28,325 | pose_hrnet | 0.5710 | 1.0000 | 0.5635 | -1.0000 | 0.5710 | 0.6556 | 1.0000 | 0.6667 | -1.0000 | 0.6556 |
2024-11-21 15:31:28,326 => saving checkpoint to output/Auto/pose_hrnet/w48_384x288_adam_lr1e-3_auto/2024-11-21-15-30
2024-11-21 15:31:30,730 # Best AP 0.570957095709571
2024-11-21 15:31:31,544 Epoch: [4][0/3]	Time 0.810s (0.810s)	Speed 9.9 samples/s	Data 0.351s (0.351s)	Loss 0.000824 (0.000824)	acc 0.875 (0.875)
2024-11-21 15:31:34,318 Test: [0/2]	Time 0.694 (0.694)	Loss 0.00036 (0.00036)	acc 0.938 (0.938)
2024-11-21 15:31:35,518 => writing results json to output/Auto/pose_hrnet/w48_384x288_adam_lr1e-3_auto/2024-11-21-15-30/results/keypoints_validation_results_0.json
2024-11-21 15:31:35,537 | Arch | AP | Ap .5 | AP .75 | AP (M) | AP (L) | AR | AR .5 | AR .75 | AR (M) | AR (L) |
2024-11-21 15:31:35,537 |---|---|---|---|---|---|---|---|---|---|---|
2024-11-21 15:31:35,537 | pose_hrnet | 0.6837 | 1.0000 | 0.7833 | -1.0000 | 0.6837 | 0.7889 | 1.0000 | 0.8889 | -1.0000 | 0.7889 |
2024-11-21 15:31:35,538 => saving checkpoint to output/Auto/pose_hrnet/w48_384x288_adam_lr1e-3_auto/2024-11-21-15-30
2024-11-21 15:31:37,987 # Best AP 0.6837026559798838
2024-11-21 15:31:38,864 Epoch: [5][0/3]	Time 0.873s (0.873s)	Speed 9.2 samples/s	Data 0.368s (0.368s)	Loss 0.000343 (0.000343)	acc 1.000 (1.000)
2024-11-21 15:31:41,689 Test: [0/2]	Time 0.695 (0.695)	Loss 0.00023 (0.00023)	acc 1.000 (1.000)
2024-11-21 15:31:42,885 => writing results json to output/Auto/pose_hrnet/w48_384x288_adam_lr1e-3_auto/2024-11-21-15-30/results/keypoints_validation_results_0.json
2024-11-21 15:31:42,904 | Arch | AP | Ap .5 | AP .75 | AP (M) | AP (L) | AR | AR .5 | AR .75 | AR (M) | AR (L) |
2024-11-21 15:31:42,904 |---|---|---|---|---|---|---|---|---|---|---|
2024-11-21 15:31:42,904 | pose_hrnet | 0.9013 | 1.0000 | 1.0000 | -1.0000 | 0.9013 | 0.9222 | 1.0000 | 1.0000 | -1.0000 | 0.9222 |
2024-11-21 15:31:42,904 => saving checkpoint to output/Auto/pose_hrnet/w48_384x288_adam_lr1e-3_auto/2024-11-21-15-30
2024-11-21 15:31:45,345 # Best AP 0.9012788778877888
2024-11-21 15:31:46,141 Epoch: [6][0/3]	Time 0.791s (0.791s)	Speed 10.1 samples/s	Data 0.328s (0.328s)	Loss 0.000183 (0.000183)	acc 1.000 (1.000)
2024-11-21 15:31:48,868 Test: [0/2]	Time 0.669 (0.669)	Loss 0.00020 (0.00020)	acc 1.000 (1.000)
2024-11-21 15:31:50,062 => writing results json to output/Auto/pose_hrnet/w48_384x288_adam_lr1e-3_auto/2024-11-21-15-30/results/keypoints_validation_results_0.json
2024-11-21 15:31:50,080 | Arch | AP | Ap .5 | AP .75 | AP (M) | AP (L) | AR | AR .5 | AR .75 | AR (M) | AR (L) |
2024-11-21 15:31:50,080 |---|---|---|---|---|---|---|---|---|---|---|
2024-11-21 15:31:50,081 | pose_hrnet | 0.9233 | 1.0000 | 1.0000 | -1.0000 | 0.9233 | 0.9444 | 1.0000 | 1.0000 | -1.0000 | 0.9444 |
2024-11-21 15:31:50,081 => saving checkpoint to output/Auto/pose_hrnet/w48_384x288_adam_lr1e-3_auto/2024-11-21-15-30
2024-11-21 15:31:52,625 # Best AP 0.9233333333333332
2024-11-21 15:31:53,466 Epoch: [7][0/3]	Time 0.837s (0.837s)	Speed 9.6 samples/s	Data 0.330s (0.330s)	Loss 0.000272 (0.000272)	acc 1.000 (1.000)
2024-11-21 15:31:56,194 Test: [0/2]	Time 0.650 (0.650)	Loss 0.00011 (0.00011)	acc 1.000 (1.000)
2024-11-21 15:31:57,369 => writing results json to output/Auto/pose_hrnet/w48_384x288_adam_lr1e-3_auto/2024-11-21-15-30/results/keypoints_validation_results_0.json
2024-11-21 15:31:57,387 | Arch | AP | Ap .5 | AP .75 | AP (M) | AP (L) | AR | AR .5 | AR .75 | AR (M) | AR (L) |
2024-11-21 15:31:57,387 |---|---|---|---|---|---|---|---|---|---|---|
2024-11-21 15:31:57,387 | pose_hrnet | 0.9390 | 1.0000 | 1.0000 | -1.0000 | 0.9390 | 0.9556 | 1.0000 | 1.0000 | -1.0000 | 0.9556 |
2024-11-21 15:31:57,388 => saving checkpoint to output/Auto/pose_hrnet/w48_384x288_adam_lr1e-3_auto/2024-11-21-15-30
2024-11-21 15:31:59,840 # Best AP 0.939026402640264
2024-11-21 15:32:00,663 Epoch: [8][0/3]	Time 0.819s (0.819s)	Speed 9.8 samples/s	Data 0.363s (0.363s)	Loss 0.000137 (0.000137)	acc 1.000 (1.000)
2024-11-21 15:32:03,533 Test: [0/2]	Time 0.689 (0.689)	Loss 0.00010 (0.00010)	acc 1.000 (1.000)
2024-11-21 15:32:04,712 => writing results json to output/Auto/pose_hrnet/w48_384x288_adam_lr1e-3_auto/2024-11-21-15-30/results/keypoints_validation_results_0.json
2024-11-21 15:32:04,730 | Arch | AP | Ap .5 | AP .75 | AP (M) | AP (L) | AR | AR .5 | AR .75 | AR (M) | AR (L) |
2024-11-21 15:32:04,730 |---|---|---|---|---|---|---|---|---|---|---|
2024-11-21 15:32:04,730 | pose_hrnet | 0.9432 | 1.0000 | 1.0000 | -1.0000 | 0.9432 | 0.9556 | 1.0000 | 1.0000 | -1.0000 | 0.9556 |
2024-11-21 15:32:04,730 => saving checkpoint to output/Auto/pose_hrnet/w48_384x288_adam_lr1e-3_auto/2024-11-21-15-30
2024-11-21 15:32:07,062 # Best AP 0.9431930693069307
2024-11-21 15:32:07,858 Epoch: [9][0/3]	Time 0.791s (0.791s)	Speed 10.1 samples/s	Data 0.326s (0.326s)	Loss 0.000142 (0.000142)	acc 1.000 (1.000)
2024-11-21 15:32:10,617 Test: [0/2]	Time 0.684 (0.684)	Loss 0.00009 (0.00009)	acc 1.000 (1.000)
2024-11-21 15:32:11,941 => writing results json to output/Auto/pose_hrnet/w48_384x288_adam_lr1e-3_auto/2024-11-21-15-30/results/keypoints_validation_results_0.json
2024-11-21 15:32:11,960 | Arch | AP | Ap .5 | AP .75 | AP (M) | AP (L) | AR | AR .5 | AR .75 | AR (M) | AR (L) |
2024-11-21 15:32:11,960 |---|---|---|---|---|---|---|---|---|---|---|
2024-11-21 15:32:11,960 | pose_hrnet | 0.9465 | 1.0000 | 1.0000 | -1.0000 | 0.9465 | 0.9556 | 1.0000 | 1.0000 | -1.0000 | 0.9556 |
2024-11-21 15:32:11,960 => saving checkpoint to output/Auto/pose_hrnet/w48_384x288_adam_lr1e-3_auto/2024-11-21-15-30
2024-11-21 15:32:14,284 # Best AP 0.9465032217507465
2024-11-21 15:32:15,124 Epoch: [10][0/3]	Time 0.835s (0.835s)	Speed 9.6 samples/s	Data 0.342s (0.342s)	Loss 0.000103 (0.000103)	acc 1.000 (1.000)
2024-11-21 15:32:17,934 Test: [0/2]	Time 0.694 (0.694)	Loss 0.00010 (0.00010)	acc 1.000 (1.000)
2024-11-21 15:32:19,152 => writing results json to output/Auto/pose_hrnet/w48_384x288_adam_lr1e-3_auto/2024-11-21-15-30/results/keypoints_validation_results_0.json
2024-11-21 15:32:19,171 | Arch | AP | Ap .5 | AP .75 | AP (M) | AP (L) | AR | AR .5 | AR .75 | AR (M) | AR (L) |
2024-11-21 15:32:19,171 |---|---|---|---|---|---|---|---|---|---|---|
2024-11-21 15:32:19,171 | pose_hrnet | 0.9626 | 1.0000 | 1.0000 | -1.0000 | 0.9626 | 0.9667 | 1.0000 | 1.0000 | -1.0000 | 0.9667 |
2024-11-21 15:32:19,172 => saving checkpoint to output/Auto/pose_hrnet/w48_384x288_adam_lr1e-3_auto/2024-11-21-15-30
2024-11-21 15:32:21,483 # Best AP 0.9626237623762376
2024-11-21 15:32:22,315 Epoch: [11][0/3]	Time 0.828s (0.828s)	Speed 9.7 samples/s	Data 0.318s (0.318s)	Loss 0.000131 (0.000131)	acc 1.000 (1.000)
2024-11-21 15:32:25,267 Test: [0/2]	Time 0.734 (0.734)	Loss 0.00011 (0.00011)	acc 1.000 (1.000)
2024-11-21 15:32:26,463 => writing results json to output/Auto/pose_hrnet/w48_384x288_adam_lr1e-3_auto/2024-11-21-15-30/results/keypoints_validation_results_0.json
2024-11-21 15:32:26,483 | Arch | AP | Ap .5 | AP .75 | AP (M) | AP (L) | AR | AR .5 | AR .75 | AR (M) | AR (L) |
2024-11-21 15:32:26,483 |---|---|---|---|---|---|---|---|---|---|---|
2024-11-21 15:32:26,483 | pose_hrnet | 0.9738 | 1.0000 | 1.0000 | -1.0000 | 0.9738 | 0.9778 | 1.0000 | 1.0000 | -1.0000 | 0.9778 |
2024-11-21 15:32:26,483 => saving checkpoint to output/Auto/pose_hrnet/w48_384x288_adam_lr1e-3_auto/2024-11-21-15-30
2024-11-21 15:32:28,811 # Best AP 0.9738173817381738
2024-11-21 15:32:29,691 Epoch: [12][0/3]	Time 0.875s (0.875s)	Speed 9.1 samples/s	Data 0.369s (0.369s)	Loss 0.000080 (0.000080)	acc 1.000 (1.000)
2024-11-21 15:32:32,509 Test: [0/2]	Time 0.686 (0.686)	Loss 0.00009 (0.00009)	acc 1.000 (1.000)
2024-11-21 15:32:33,682 => writing results json to output/Auto/pose_hrnet/w48_384x288_adam_lr1e-3_auto/2024-11-21-15-30/results/keypoints_validation_results_0.json
2024-11-21 15:32:33,701 | Arch | AP | Ap .5 | AP .75 | AP (M) | AP (L) | AR | AR .5 | AR .75 | AR (M) | AR (L) |
2024-11-21 15:32:33,701 |---|---|---|---|---|---|---|---|---|---|---|
2024-11-21 15:32:33,701 | pose_hrnet | 0.9714 | 1.0000 | 1.0000 | -1.0000 | 0.9714 | 0.9778 | 1.0000 | 1.0000 | -1.0000 | 0.9778 |
2024-11-21 15:32:33,701 => saving checkpoint to output/Auto/pose_hrnet/w48_384x288_adam_lr1e-3_auto/2024-11-21-15-30
2024-11-21 15:32:33,709 # Best AP 0.9738173817381738
2024-11-21 15:32:34,640 Epoch: [13][0/3]	Time 0.930s (0.930s)	Speed 8.6 samples/s	Data 0.343s (0.343s)	Loss 0.000096 (0.000096)	acc 1.000 (1.000)
2024-11-21 15:32:37,437 Test: [0/2]	Time 0.678 (0.678)	Loss 0.00008 (0.00008)	acc 1.000 (1.000)
2024-11-21 15:32:38,631 => writing results json to output/Auto/pose_hrnet/w48_384x288_adam_lr1e-3_auto/2024-11-21-15-30/results/keypoints_validation_results_0.json
2024-11-21 15:32:38,650 | Arch | AP | Ap .5 | AP .75 | AP (M) | AP (L) | AR | AR .5 | AR .75 | AR (M) | AR (L) |
2024-11-21 15:32:38,650 |---|---|---|---|---|---|---|---|---|---|---|
2024-11-21 15:32:38,650 | pose_hrnet | 0.9616 | 1.0000 | 1.0000 | -1.0000 | 0.9616 | 0.9667 | 1.0000 | 1.0000 | -1.0000 | 0.9667 |
2024-11-21 15:32:38,651 => saving checkpoint to output/Auto/pose_hrnet/w48_384x288_adam_lr1e-3_auto/2024-11-21-15-30
2024-11-21 15:32:38,658 # Best AP 0.9738173817381738
2024-11-21 15:32:39,497 Epoch: [14][0/3]	Time 0.837s (0.837s)	Speed 9.6 samples/s	Data 0.351s (0.351s)	Loss 0.000087 (0.000087)	acc 1.000 (1.000)
2024-11-21 15:32:42,287 Test: [0/2]	Time 0.702 (0.702)	Loss 0.00008 (0.00008)	acc 1.000 (1.000)
2024-11-21 15:32:43,468 => writing results json to output/Auto/pose_hrnet/w48_384x288_adam_lr1e-3_auto/2024-11-21-15-30/results/keypoints_validation_results_0.json
2024-11-21 15:32:43,487 | Arch | AP | Ap .5 | AP .75 | AP (M) | AP (L) | AR | AR .5 | AR .75 | AR (M) | AR (L) |
2024-11-21 15:32:43,487 |---|---|---|---|---|---|---|---|---|---|---|
2024-11-21 15:32:43,487 | pose_hrnet | 0.9641 | 1.0000 | 1.0000 | -1.0000 | 0.9641 | 0.9667 | 1.0000 | 1.0000 | -1.0000 | 0.9667 |
2024-11-21 15:32:43,488 => saving checkpoint to output/Auto/pose_hrnet/w48_384x288_adam_lr1e-3_auto/2024-11-21-15-30
2024-11-21 15:32:43,495 # Best AP 0.9738173817381738
2024-11-21 15:32:44,392 Epoch: [15][0/3]	Time 0.895s (0.895s)	Speed 8.9 samples/s	Data 0.348s (0.348s)	Loss 0.000058 (0.000058)	acc 1.000 (1.000)
2024-11-21 15:32:47,153 Test: [0/2]	Time 0.669 (0.669)	Loss 0.00007 (0.00007)	acc 1.000 (1.000)
2024-11-21 15:32:48,351 => writing results json to output/Auto/pose_hrnet/w48_384x288_adam_lr1e-3_auto/2024-11-21-15-30/results/keypoints_validation_results_0.json
2024-11-21 15:32:48,370 | Arch | AP | Ap .5 | AP .75 | AP (M) | AP (L) | AR | AR .5 | AR .75 | AR (M) | AR (L) |
2024-11-21 15:32:48,370 |---|---|---|---|---|---|---|---|---|---|---|
2024-11-21 15:32:48,370 | pose_hrnet | 0.9570 | 1.0000 | 1.0000 | -1.0000 | 0.9570 | 0.9667 | 1.0000 | 1.0000 | -1.0000 | 0.9667 |
2024-11-21 15:32:48,371 => saving checkpoint to output/Auto/pose_hrnet/w48_384x288_adam_lr1e-3_auto/2024-11-21-15-30
2024-11-21 15:32:48,378 # Best AP 0.9738173817381738
2024-11-21 15:32:49,178 Epoch: [16][0/3]	Time 0.797s (0.797s)	Speed 10.0 samples/s	Data 0.322s (0.322s)	Loss 0.000074 (0.000074)	acc 1.000 (1.000)
2024-11-21 15:32:52,058 Test: [0/2]	Time 0.791 (0.791)	Loss 0.00007 (0.00007)	acc 1.000 (1.000)
2024-11-21 15:32:53,255 => writing results json to output/Auto/pose_hrnet/w48_384x288_adam_lr1e-3_auto/2024-11-21-15-30/results/keypoints_validation_results_0.json
2024-11-21 15:32:53,273 | Arch | AP | Ap .5 | AP .75 | AP (M) | AP (L) | AR | AR .5 | AR .75 | AR (M) | AR (L) |
2024-11-21 15:32:53,273 |---|---|---|---|---|---|---|---|---|---|---|
2024-11-21 15:32:53,273 | pose_hrnet | 0.9701 | 1.0000 | 1.0000 | -1.0000 | 0.9701 | 0.9778 | 1.0000 | 1.0000 | -1.0000 | 0.9778 |
2024-11-21 15:32:53,274 => saving checkpoint to output/Auto/pose_hrnet/w48_384x288_adam_lr1e-3_auto/2024-11-21-15-30
2024-11-21 15:32:53,281 # Best AP 0.9738173817381738
2024-11-21 15:32:54,099 Epoch: [17][0/3]	Time 0.816s (0.816s)	Speed 9.8 samples/s	Data 0.357s (0.357s)	Loss 0.000085 (0.000085)	acc 1.000 (1.000)
2024-11-21 15:32:56,901 Test: [0/2]	Time 0.691 (0.691)	Loss 0.00008 (0.00008)	acc 1.000 (1.000)
2024-11-21 15:32:58,105 => writing results json to output/Auto/pose_hrnet/w48_384x288_adam_lr1e-3_auto/2024-11-21-15-30/results/keypoints_validation_results_0.json
2024-11-21 15:32:58,124 | Arch | AP | Ap .5 | AP .75 | AP (M) | AP (L) | AR | AR .5 | AR .75 | AR (M) | AR (L) |
2024-11-21 15:32:58,124 |---|---|---|---|---|---|---|---|---|---|---|
2024-11-21 15:32:58,124 | pose_hrnet | 0.9482 | 1.0000 | 1.0000 | -1.0000 | 0.9482 | 0.9667 | 1.0000 | 1.0000 | -1.0000 | 0.9667 |
2024-11-21 15:32:58,125 => saving checkpoint to output/Auto/pose_hrnet/w48_384x288_adam_lr1e-3_auto/2024-11-21-15-30
2024-11-21 15:32:58,132 # Best AP 0.9738173817381738
2024-11-21 15:32:58,925 Epoch: [18][0/3]	Time 0.791s (0.791s)	Speed 10.1 samples/s	Data 0.331s (0.331s)	Loss 0.000060 (0.000060)	acc 1.000 (1.000)
2024-11-21 15:33:01,857 Test: [0/2]	Time 0.714 (0.714)	Loss 0.00009 (0.00009)	acc 1.000 (1.000)
2024-11-21 15:33:03,079 => writing results json to output/Auto/pose_hrnet/w48_384x288_adam_lr1e-3_auto/2024-11-21-15-30/results/keypoints_validation_results_0.json
2024-11-21 15:33:03,097 | Arch | AP | Ap .5 | AP .75 | AP (M) | AP (L) | AR | AR .5 | AR .75 | AR (M) | AR (L) |
2024-11-21 15:33:03,097 |---|---|---|---|---|---|---|---|---|---|---|
2024-11-21 15:33:03,097 | pose_hrnet | 0.9656 | 1.0000 | 1.0000 | -1.0000 | 0.9656 | 0.9778 | 1.0000 | 1.0000 | -1.0000 | 0.9778 |
2024-11-21 15:33:03,098 => saving checkpoint to output/Auto/pose_hrnet/w48_384x288_adam_lr1e-3_auto/2024-11-21-15-30
2024-11-21 15:33:03,105 # Best AP 0.9738173817381738
2024-11-21 15:33:03,963 Epoch: [19][0/3]	Time 0.855s (0.855s)	Speed 9.4 samples/s	Data 0.383s (0.383s)	Loss 0.000058 (0.000058)	acc 1.000 (1.000)
2024-11-21 15:33:06,730 Test: [0/2]	Time 0.659 (0.659)	Loss 0.00008 (0.00008)	acc 1.000 (1.000)
2024-11-21 15:33:07,935 => writing results json to output/Auto/pose_hrnet/w48_384x288_adam_lr1e-3_auto/2024-11-21-15-30/results/keypoints_validation_results_0.json
2024-11-21 15:33:07,953 | Arch | AP | Ap .5 | AP .75 | AP (M) | AP (L) | AR | AR .5 | AR .75 | AR (M) | AR (L) |
2024-11-21 15:33:07,954 |---|---|---|---|---|---|---|---|---|---|---|
2024-11-21 15:33:07,954 | pose_hrnet | 0.9845 | 1.0000 | 1.0000 | -1.0000 | 0.9845 | 0.9889 | 1.0000 | 1.0000 | -1.0000 | 0.9889 |
2024-11-21 15:33:07,954 => saving checkpoint to output/Auto/pose_hrnet/w48_384x288_adam_lr1e-3_auto/2024-11-21-15-30
2024-11-21 15:33:10,387 # Best AP 0.9844884488448844
2024-11-21 15:33:11,266 Epoch: [20][0/3]	Time 0.875s (0.875s)	Speed 9.1 samples/s	Data 0.372s (0.372s)	Loss 0.000052 (0.000052)	acc 1.000 (1.000)
2024-11-21 15:33:14,195 Test: [0/2]	Time 0.715 (0.715)	Loss 0.00007 (0.00007)	acc 1.000 (1.000)
2024-11-21 15:33:15,387 => writing results json to output/Auto/pose_hrnet/w48_384x288_adam_lr1e-3_auto/2024-11-21-15-30/results/keypoints_validation_results_0.json
2024-11-21 15:33:15,406 | Arch | AP | Ap .5 | AP .75 | AP (M) | AP (L) | AR | AR .5 | AR .75 | AR (M) | AR (L) |
2024-11-21 15:33:15,406 |---|---|---|---|---|---|---|---|---|---|---|
2024-11-21 15:33:15,406 | pose_hrnet | 0.9714 | 1.0000 | 1.0000 | -1.0000 | 0.9714 | 0.9778 | 1.0000 | 1.0000 | -1.0000 | 0.9778 |
2024-11-21 15:33:15,406 => saving checkpoint to output/Auto/pose_hrnet/w48_384x288_adam_lr1e-3_auto/2024-11-21-15-30
2024-11-21 15:33:15,414 # Best AP 0.9844884488448844
2024-11-21 15:33:16,291 Epoch: [21][0/3]	Time 0.875s (0.875s)	Speed 9.1 samples/s	Data 0.372s (0.372s)	Loss 0.000071 (0.000071)	acc 1.000 (1.000)
2024-11-21 15:33:19,114 Test: [0/2]	Time 0.696 (0.696)	Loss 0.00006 (0.00006)	acc 1.000 (1.000)
2024-11-21 15:33:20,340 => writing results json to output/Auto/pose_hrnet/w48_384x288_adam_lr1e-3_auto/2024-11-21-15-30/results/keypoints_validation_results_0.json
2024-11-21 15:33:20,359 | Arch | AP | Ap .5 | AP .75 | AP (M) | AP (L) | AR | AR .5 | AR .75 | AR (M) | AR (L) |
2024-11-21 15:33:20,359 |---|---|---|---|---|---|---|---|---|---|---|
2024-11-21 15:33:20,359 | pose_hrnet | 0.9857 | 1.0000 | 1.0000 | -1.0000 | 0.9857 | 0.9889 | 1.0000 | 1.0000 | -1.0000 | 0.9889 |
2024-11-21 15:33:20,359 => saving checkpoint to output/Auto/pose_hrnet/w48_384x288_adam_lr1e-3_auto/2024-11-21-15-30
2024-11-21 15:33:22,698 # Best AP 0.9856985698569857
2024-11-21 15:33:23,555 Epoch: [22][0/3]	Time 0.853s (0.853s)	Speed 9.4 samples/s	Data 0.373s (0.373s)	Loss 0.000091 (0.000091)	acc 1.000 (1.000)
2024-11-21 15:33:26,452 Test: [0/2]	Time 0.710 (0.710)	Loss 0.00007 (0.00007)	acc 1.000 (1.000)
2024-11-21 15:33:27,644 => writing results json to output/Auto/pose_hrnet/w48_384x288_adam_lr1e-3_auto/2024-11-21-15-30/results/keypoints_validation_results_0.json
2024-11-21 15:33:27,663 | Arch | AP | Ap .5 | AP .75 | AP (M) | AP (L) | AR | AR .5 | AR .75 | AR (M) | AR (L) |
2024-11-21 15:33:27,663 |---|---|---|---|---|---|---|---|---|---|---|
2024-11-21 15:33:27,663 | pose_hrnet | 0.9845 | 1.0000 | 1.0000 | -1.0000 | 0.9845 | 0.9889 | 1.0000 | 1.0000 | -1.0000 | 0.9889 |
2024-11-21 15:33:27,663 => saving checkpoint to output/Auto/pose_hrnet/w48_384x288_adam_lr1e-3_auto/2024-11-21-15-30
2024-11-21 15:33:27,671 # Best AP 0.9856985698569857
2024-11-21 15:33:28,471 Epoch: [23][0/3]	Time 0.798s (0.798s)	Speed 10.0 samples/s	Data 0.332s (0.332s)	Loss 0.000072 (0.000072)	acc 1.000 (1.000)
2024-11-21 15:33:31,262 Test: [0/2]	Time 0.676 (0.676)	Loss 0.00008 (0.00008)	acc 1.000 (1.000)
2024-11-21 15:33:32,453 => writing results json to output/Auto/pose_hrnet/w48_384x288_adam_lr1e-3_auto/2024-11-21-15-30/results/keypoints_validation_results_0.json
2024-11-21 15:33:32,472 | Arch | AP | Ap .5 | AP .75 | AP (M) | AP (L) | AR | AR .5 | AR .75 | AR (M) | AR (L) |
2024-11-21 15:33:32,472 |---|---|---|---|---|---|---|---|---|---|---|
2024-11-21 15:33:32,472 | pose_hrnet | 0.9634 | 1.0000 | 1.0000 | -1.0000 | 0.9634 | 0.9778 | 1.0000 | 1.0000 | -1.0000 | 0.9778 |
2024-11-21 15:33:32,472 => saving checkpoint to output/Auto/pose_hrnet/w48_384x288_adam_lr1e-3_auto/2024-11-21-15-30
2024-11-21 15:33:32,480 # Best AP 0.9856985698569857
2024-11-21 15:33:33,389 Epoch: [24][0/3]	Time 0.907s (0.907s)	Speed 8.8 samples/s	Data 0.327s (0.327s)	Loss 0.000072 (0.000072)	acc 1.000 (1.000)
2024-11-21 15:33:36,203 Test: [0/2]	Time 0.709 (0.709)	Loss 0.00009 (0.00009)	acc 1.000 (1.000)
2024-11-21 15:33:37,385 => writing results json to output/Auto/pose_hrnet/w48_384x288_adam_lr1e-3_auto/2024-11-21-15-30/results/keypoints_validation_results_0.json
2024-11-21 15:33:37,404 | Arch | AP | Ap .5 | AP .75 | AP (M) | AP (L) | AR | AR .5 | AR .75 | AR (M) | AR (L) |
2024-11-21 15:33:37,404 |---|---|---|---|---|---|---|---|---|---|---|
2024-11-21 15:33:37,404 | pose_hrnet | 0.9656 | 1.0000 | 1.0000 | -1.0000 | 0.9656 | 0.9778 | 1.0000 | 1.0000 | -1.0000 | 0.9778 |
2024-11-21 15:33:37,405 => saving checkpoint to output/Auto/pose_hrnet/w48_384x288_adam_lr1e-3_auto/2024-11-21-15-30
2024-11-21 15:33:37,413 # Best AP 0.9856985698569857
2024-11-21 15:33:38,233 Epoch: [25][0/3]	Time 0.818s (0.818s)	Speed 9.8 samples/s	Data 0.325s (0.325s)	Loss 0.000073 (0.000073)	acc 1.000 (1.000)
2024-11-21 15:33:41,122 Test: [0/2]	Time 0.788 (0.788)	Loss 0.00008 (0.00008)	acc 1.000 (1.000)
2024-11-21 15:33:42,337 => writing results json to output/Auto/pose_hrnet/w48_384x288_adam_lr1e-3_auto/2024-11-21-15-30/results/keypoints_validation_results_0.json
2024-11-21 15:33:42,356 | Arch | AP | Ap .5 | AP .75 | AP (M) | AP (L) | AR | AR .5 | AR .75 | AR (M) | AR (L) |
2024-11-21 15:33:42,356 |---|---|---|---|---|---|---|---|---|---|---|
2024-11-21 15:33:42,356 | pose_hrnet | 0.9686 | 1.0000 | 1.0000 | -1.0000 | 0.9686 | 0.9778 | 1.0000 | 1.0000 | -1.0000 | 0.9778 |
2024-11-21 15:33:42,356 => saving checkpoint to output/Auto/pose_hrnet/w48_384x288_adam_lr1e-3_auto/2024-11-21-15-30
2024-11-21 15:33:42,364 # Best AP 0.9856985698569857
2024-11-21 15:33:43,164 Epoch: [26][0/3]	Time 0.797s (0.797s)	Speed 10.0 samples/s	Data 0.321s (0.321s)	Loss 0.000062 (0.000062)	acc 1.000 (1.000)
2024-11-21 15:33:45,960 Test: [0/2]	Time 0.699 (0.699)	Loss 0.00007 (0.00007)	acc 1.000 (1.000)
2024-11-21 15:33:47,173 => writing results json to output/Auto/pose_hrnet/w48_384x288_adam_lr1e-3_auto/2024-11-21-15-30/results/keypoints_validation_results_0.json
2024-11-21 15:33:47,192 | Arch | AP | Ap .5 | AP .75 | AP (M) | AP (L) | AR | AR .5 | AR .75 | AR (M) | AR (L) |
2024-11-21 15:33:47,192 |---|---|---|---|---|---|---|---|---|---|---|
2024-11-21 15:33:47,192 | pose_hrnet | 0.9442 | 1.0000 | 1.0000 | -1.0000 | 0.9442 | 0.9667 | 1.0000 | 1.0000 | -1.0000 | 0.9667 |
2024-11-21 15:33:47,192 => saving checkpoint to output/Auto/pose_hrnet/w48_384x288_adam_lr1e-3_auto/2024-11-21-15-30
2024-11-21 15:33:47,200 # Best AP 0.9856985698569857
2024-11-21 15:33:48,025 Epoch: [27][0/3]	Time 0.823s (0.823s)	Speed 9.7 samples/s	Data 0.358s (0.358s)	Loss 0.000055 (0.000055)	acc 1.000 (1.000)
2024-11-21 15:33:50,901 Test: [0/2]	Time 0.680 (0.680)	Loss 0.00006 (0.00006)	acc 1.000 (1.000)
2024-11-21 15:33:52,109 => writing results json to output/Auto/pose_hrnet/w48_384x288_adam_lr1e-3_auto/2024-11-21-15-30/results/keypoints_validation_results_0.json
2024-11-21 15:33:52,128 | Arch | AP | Ap .5 | AP .75 | AP (M) | AP (L) | AR | AR .5 | AR .75 | AR (M) | AR (L) |
2024-11-21 15:33:52,128 |---|---|---|---|---|---|---|---|---|---|---|
2024-11-21 15:33:52,128 | pose_hrnet | 0.9651 | 1.0000 | 1.0000 | -1.0000 | 0.9651 | 0.9778 | 1.0000 | 1.0000 | -1.0000 | 0.9778 |
2024-11-21 15:33:52,128 => saving checkpoint to output/Auto/pose_hrnet/w48_384x288_adam_lr1e-3_auto/2024-11-21-15-30
2024-11-21 15:33:52,136 # Best AP 0.9856985698569857
2024-11-21 15:33:52,914 Epoch: [28][0/3]	Time 0.776s (0.776s)	Speed 10.3 samples/s	Data 0.313s (0.313s)	Loss 0.000055 (0.000055)	acc 1.000 (1.000)
2024-11-21 15:33:55,716 Test: [0/2]	Time 0.683 (0.683)	Loss 0.00006 (0.00006)	acc 1.000 (1.000)
2024-11-21 15:33:56,876 => writing results json to output/Auto/pose_hrnet/w48_384x288_adam_lr1e-3_auto/2024-11-21-15-30/results/keypoints_validation_results_0.json
2024-11-21 15:33:56,894 | Arch | AP | Ap .5 | AP .75 | AP (M) | AP (L) | AR | AR .5 | AR .75 | AR (M) | AR (L) |
2024-11-21 15:33:56,894 |---|---|---|---|---|---|---|---|---|---|---|
2024-11-21 15:33:56,894 | pose_hrnet | 0.9845 | 1.0000 | 1.0000 | -1.0000 | 0.9845 | 0.9889 | 1.0000 | 1.0000 | -1.0000 | 0.9889 |
2024-11-21 15:33:56,895 => saving checkpoint to output/Auto/pose_hrnet/w48_384x288_adam_lr1e-3_auto/2024-11-21-15-30
2024-11-21 15:33:56,902 # Best AP 0.9856985698569857
2024-11-21 15:33:57,807 Epoch: [29][0/3]	Time 0.903s (0.903s)	Speed 8.9 samples/s	Data 0.347s (0.347s)	Loss 0.000047 (0.000047)	acc 1.000 (1.000)
2024-11-21 15:34:00,596 Test: [0/2]	Time 0.698 (0.698)	Loss 0.00008 (0.00008)	acc 1.000 (1.000)
2024-11-21 15:34:01,803 => writing results json to output/Auto/pose_hrnet/w48_384x288_adam_lr1e-3_auto/2024-11-21-15-30/results/keypoints_validation_results_0.json
2024-11-21 15:34:01,822 | Arch | AP | Ap .5 | AP .75 | AP (M) | AP (L) | AR | AR .5 | AR .75 | AR (M) | AR (L) |
2024-11-21 15:34:01,822 |---|---|---|---|---|---|---|---|---|---|---|
2024-11-21 15:34:01,822 | pose_hrnet | 0.9857 | 1.0000 | 1.0000 | -1.0000 | 0.9857 | 0.9889 | 1.0000 | 1.0000 | -1.0000 | 0.9889 |
2024-11-21 15:34:01,823 => saving checkpoint to output/Auto/pose_hrnet/w48_384x288_adam_lr1e-3_auto/2024-11-21-15-30
2024-11-21 15:34:04,253 # Best AP 0.9856985698569857
2024-11-21 15:34:05,123 Epoch: [30][0/3]	Time 0.865s (0.865s)	Speed 9.2 samples/s	Data 0.373s (0.373s)	Loss 0.000047 (0.000047)	acc 1.000 (1.000)
2024-11-21 15:34:07,942 Test: [0/2]	Time 0.768 (0.768)	Loss 0.00012 (0.00012)	acc 1.000 (1.000)
2024-11-21 15:34:09,126 => writing results json to output/Auto/pose_hrnet/w48_384x288_adam_lr1e-3_auto/2024-11-21-15-30/results/keypoints_validation_results_0.json
2024-11-21 15:34:09,145 | Arch | AP | Ap .5 | AP .75 | AP (M) | AP (L) | AR | AR .5 | AR .75 | AR (M) | AR (L) |
2024-11-21 15:34:09,145 |---|---|---|---|---|---|---|---|---|---|---|
2024-11-21 15:34:09,145 | pose_hrnet | 0.9429 | 1.0000 | 1.0000 | -1.0000 | 0.9429 | 0.9556 | 1.0000 | 1.0000 | -1.0000 | 0.9556 |
2024-11-21 15:34:09,146 => saving checkpoint to output/Auto/pose_hrnet/w48_384x288_adam_lr1e-3_auto/2024-11-21-15-30
2024-11-21 15:34:09,153 # Best AP 0.9856985698569857
2024-11-21 15:34:09,953 Epoch: [31][0/3]	Time 0.799s (0.799s)	Speed 10.0 samples/s	Data 0.321s (0.321s)	Loss 0.000080 (0.000080)	acc 1.000 (1.000)
2024-11-21 15:34:12,767 Test: [0/2]	Time 0.708 (0.708)	Loss 0.00012 (0.00012)	acc 1.000 (1.000)
2024-11-21 15:34:13,979 => writing results json to output/Auto/pose_hrnet/w48_384x288_adam_lr1e-3_auto/2024-11-21-15-30/results/keypoints_validation_results_0.json
2024-11-21 15:34:13,998 | Arch | AP | Ap .5 | AP .75 | AP (M) | AP (L) | AR | AR .5 | AR .75 | AR (M) | AR (L) |
2024-11-21 15:34:13,998 |---|---|---|---|---|---|---|---|---|---|---|
2024-11-21 15:34:13,998 | pose_hrnet | 0.9526 | 1.0000 | 1.0000 | -1.0000 | 0.9526 | 0.9667 | 1.0000 | 1.0000 | -1.0000 | 0.9667 |
2024-11-21 15:34:13,998 => saving checkpoint to output/Auto/pose_hrnet/w48_384x288_adam_lr1e-3_auto/2024-11-21-15-30
2024-11-21 15:34:14,006 # Best AP 0.9856985698569857
2024-11-21 15:34:14,782 Epoch: [32][0/3]	Time 0.774s (0.774s)	Speed 10.3 samples/s	Data 0.307s (0.307s)	Loss 0.000055 (0.000055)	acc 1.000 (1.000)
2024-11-21 15:34:17,643 Test: [0/2]	Time 0.778 (0.778)	Loss 0.00009 (0.00009)	acc 1.000 (1.000)
2024-11-21 15:34:18,880 => writing results json to output/Auto/pose_hrnet/w48_384x288_adam_lr1e-3_auto/2024-11-21-15-30/results/keypoints_validation_results_0.json
2024-11-21 15:34:18,899 | Arch | AP | Ap .5 | AP .75 | AP (M) | AP (L) | AR | AR .5 | AR .75 | AR (M) | AR (L) |
2024-11-21 15:34:18,899 |---|---|---|---|---|---|---|---|---|---|---|
2024-11-21 15:34:18,899 | pose_hrnet | 0.9507 | 1.0000 | 1.0000 | -1.0000 | 0.9507 | 0.9667 | 1.0000 | 1.0000 | -1.0000 | 0.9667 |
2024-11-21 15:34:18,900 => saving checkpoint to output/Auto/pose_hrnet/w48_384x288_adam_lr1e-3_auto/2024-11-21-15-30
2024-11-21 15:34:18,908 # Best AP 0.9856985698569857
2024-11-21 15:34:19,710 Epoch: [33][0/3]	Time 0.800s (0.800s)	Speed 10.0 samples/s	Data 0.324s (0.324s)	Loss 0.000080 (0.000080)	acc 1.000 (1.000)
2024-11-21 15:34:22,507 Test: [0/2]	Time 0.680 (0.680)	Loss 0.00007 (0.00007)	acc 1.000 (1.000)
2024-11-21 15:34:23,743 => writing results json to output/Auto/pose_hrnet/w48_384x288_adam_lr1e-3_auto/2024-11-21-15-30/results/keypoints_validation_results_0.json
2024-11-21 15:34:23,763 | Arch | AP | Ap .5 | AP .75 | AP (M) | AP (L) | AR | AR .5 | AR .75 | AR (M) | AR (L) |
2024-11-21 15:34:23,763 |---|---|---|---|---|---|---|---|---|---|---|
2024-11-21 15:34:23,763 | pose_hrnet | 0.9869 | 1.0000 | 1.0000 | -1.0000 | 0.9869 | 0.9889 | 1.0000 | 1.0000 | -1.0000 | 0.9889 |
2024-11-21 15:34:23,763 => saving checkpoint to output/Auto/pose_hrnet/w48_384x288_adam_lr1e-3_auto/2024-11-21-15-30
2024-11-21 15:34:26,093 # Best AP 0.986908690869087
2024-11-21 15:34:26,936 Epoch: [34][0/3]	Time 0.839s (0.839s)	Speed 9.5 samples/s	Data 0.338s (0.338s)	Loss 0.000071 (0.000071)	acc 1.000 (1.000)
2024-11-21 15:34:29,908 Test: [0/2]	Time 0.743 (0.743)	Loss 0.00007 (0.00007)	acc 1.000 (1.000)
2024-11-21 15:34:31,146 => writing results json to output/Auto/pose_hrnet/w48_384x288_adam_lr1e-3_auto/2024-11-21-15-30/results/keypoints_validation_results_0.json
2024-11-21 15:34:31,166 | Arch | AP | Ap .5 | AP .75 | AP (M) | AP (L) | AR | AR .5 | AR .75 | AR (M) | AR (L) |
2024-11-21 15:34:31,166 |---|---|---|---|---|---|---|---|---|---|---|
2024-11-21 15:34:31,166 | pose_hrnet | 0.9724 | 1.0000 | 1.0000 | -1.0000 | 0.9724 | 0.9778 | 1.0000 | 1.0000 | -1.0000 | 0.9778 |
2024-11-21 15:34:31,166 => saving checkpoint to output/Auto/pose_hrnet/w48_384x288_adam_lr1e-3_auto/2024-11-21-15-30
2024-11-21 15:34:31,174 # Best AP 0.986908690869087
2024-11-21 15:34:31,998 Epoch: [35][0/3]	Time 0.822s (0.822s)	Speed 9.7 samples/s	Data 0.352s (0.352s)	Loss 0.000060 (0.000060)	acc 1.000 (1.000)
2024-11-21 15:34:34,981 Test: [0/2]	Time 0.840 (0.840)	Loss 0.00008 (0.00008)	acc 1.000 (1.000)
2024-11-21 15:34:36,195 => writing results json to output/Auto/pose_hrnet/w48_384x288_adam_lr1e-3_auto/2024-11-21-15-30/results/keypoints_validation_results_0.json
2024-11-21 15:34:36,214 | Arch | AP | Ap .5 | AP .75 | AP (M) | AP (L) | AR | AR .5 | AR .75 | AR (M) | AR (L) |
2024-11-21 15:34:36,214 |---|---|---|---|---|---|---|---|---|---|---|
2024-11-21 15:34:36,214 | pose_hrnet | 0.9869 | 1.0000 | 1.0000 | -1.0000 | 0.9869 | 0.9889 | 1.0000 | 1.0000 | -1.0000 | 0.9889 |
2024-11-21 15:34:36,215 => saving checkpoint to output/Auto/pose_hrnet/w48_384x288_adam_lr1e-3_auto/2024-11-21-15-30
2024-11-21 15:34:38,521 # Best AP 0.986908690869087
2024-11-21 15:34:39,383 Epoch: [36][0/3]	Time 0.857s (0.857s)	Speed 9.3 samples/s	Data 0.359s (0.359s)	Loss 0.000049 (0.000049)	acc 1.000 (1.000)
2024-11-21 15:34:42,208 Test: [0/2]	Time 0.695 (0.695)	Loss 0.00009 (0.00009)	acc 1.000 (1.000)
2024-11-21 15:34:43,424 => writing results json to output/Auto/pose_hrnet/w48_384x288_adam_lr1e-3_auto/2024-11-21-15-30/results/keypoints_validation_results_0.json
2024-11-21 15:34:43,443 | Arch | AP | Ap .5 | AP .75 | AP (M) | AP (L) | AR | AR .5 | AR .75 | AR (M) | AR (L) |
2024-11-21 15:34:43,443 |---|---|---|---|---|---|---|---|---|---|---|
2024-11-21 15:34:43,443 | pose_hrnet | 0.9480 | 1.0000 | 1.0000 | -1.0000 | 0.9480 | 0.9556 | 1.0000 | 1.0000 | -1.0000 | 0.9556 |
2024-11-21 15:34:43,444 => saving checkpoint to output/Auto/pose_hrnet/w48_384x288_adam_lr1e-3_auto/2024-11-21-15-30
2024-11-21 15:34:43,452 # Best AP 0.986908690869087
2024-11-21 15:34:44,348 Epoch: [37][0/3]	Time 0.895s (0.895s)	Speed 8.9 samples/s	Data 0.325s (0.325s)	Loss 0.000079 (0.000079)	acc 1.000 (1.000)
2024-11-21 15:34:47,170 Test: [0/2]	Time 0.695 (0.695)	Loss 0.00009 (0.00009)	acc 1.000 (1.000)
2024-11-21 15:34:48,393 => writing results json to output/Auto/pose_hrnet/w48_384x288_adam_lr1e-3_auto/2024-11-21-15-30/results/keypoints_validation_results_0.json
2024-11-21 15:34:48,412 | Arch | AP | Ap .5 | AP .75 | AP (M) | AP (L) | AR | AR .5 | AR .75 | AR (M) | AR (L) |
2024-11-21 15:34:48,412 |---|---|---|---|---|---|---|---|---|---|---|
2024-11-21 15:34:48,412 | pose_hrnet | 0.9397 | 1.0000 | 1.0000 | -1.0000 | 0.9397 | 0.9556 | 1.0000 | 1.0000 | -1.0000 | 0.9556 |
2024-11-21 15:34:48,412 => saving checkpoint to output/Auto/pose_hrnet/w48_384x288_adam_lr1e-3_auto/2024-11-21-15-30
2024-11-21 15:34:48,420 # Best AP 0.986908690869087
2024-11-21 15:34:49,250 Epoch: [38][0/3]	Time 0.828s (0.828s)	Speed 9.7 samples/s	Data 0.315s (0.315s)	Loss 0.000064 (0.000064)	acc 1.000 (1.000)
2024-11-21 15:34:52,119 Test: [0/2]	Time 0.726 (0.726)	Loss 0.00009 (0.00009)	acc 1.000 (1.000)
2024-11-21 15:34:53,431 => writing results json to output/Auto/pose_hrnet/w48_384x288_adam_lr1e-3_auto/2024-11-21-15-30/results/keypoints_validation_results_0.json
2024-11-21 15:34:53,450 | Arch | AP | Ap .5 | AP .75 | AP (M) | AP (L) | AR | AR .5 | AR .75 | AR (M) | AR (L) |
2024-11-21 15:34:53,450 |---|---|---|---|---|---|---|---|---|---|---|
2024-11-21 15:34:53,450 | pose_hrnet | 0.9145 | 1.0000 | 1.0000 | -1.0000 | 0.9145 | 0.9333 | 1.0000 | 1.0000 | -1.0000 | 0.9333 |
2024-11-21 15:34:53,450 => saving checkpoint to output/Auto/pose_hrnet/w48_384x288_adam_lr1e-3_auto/2024-11-21-15-30
2024-11-21 15:34:53,458 # Best AP 0.986908690869087
2024-11-21 15:34:54,291 Epoch: [39][0/3]	Time 0.830s (0.830s)	Speed 9.6 samples/s	Data 0.322s (0.322s)	Loss 0.000070 (0.000070)	acc 1.000 (1.000)
2024-11-21 15:34:57,163 Test: [0/2]	Time 0.748 (0.748)	Loss 0.00008 (0.00008)	acc 1.000 (1.000)
2024-11-21 15:34:58,411 => writing results json to output/Auto/pose_hrnet/w48_384x288_adam_lr1e-3_auto/2024-11-21-15-30/results/keypoints_validation_results_0.json
2024-11-21 15:34:58,430 | Arch | AP | Ap .5 | AP .75 | AP (M) | AP (L) | AR | AR .5 | AR .75 | AR (M) | AR (L) |
2024-11-21 15:34:58,430 |---|---|---|---|---|---|---|---|---|---|---|
2024-11-21 15:34:58,430 | pose_hrnet | 0.9315 | 1.0000 | 1.0000 | -1.0000 | 0.9315 | 0.9556 | 1.0000 | 1.0000 | -1.0000 | 0.9556 |
2024-11-21 15:34:58,431 => saving checkpoint to output/Auto/pose_hrnet/w48_384x288_adam_lr1e-3_auto/2024-11-21-15-30
2024-11-21 15:34:58,438 # Best AP 0.986908690869087
2024-11-21 15:34:59,277 Epoch: [40][0/3]	Time 0.836s (0.836s)	Speed 9.6 samples/s	Data 0.328s (0.328s)	Loss 0.000045 (0.000045)	acc 1.000 (1.000)
2024-11-21 15:35:02,229 Test: [0/2]	Time 0.802 (0.802)	Loss 0.00007 (0.00007)	acc 1.000 (1.000)
2024-11-21 15:35:03,476 => writing results json to output/Auto/pose_hrnet/w48_384x288_adam_lr1e-3_auto/2024-11-21-15-30/results/keypoints_validation_results_0.json
2024-11-21 15:35:03,495 | Arch | AP | Ap .5 | AP .75 | AP (M) | AP (L) | AR | AR .5 | AR .75 | AR (M) | AR (L) |
2024-11-21 15:35:03,495 |---|---|---|---|---|---|---|---|---|---|---|
2024-11-21 15:35:03,495 | pose_hrnet | 0.9833 | 1.0000 | 1.0000 | -1.0000 | 0.9833 | 0.9889 | 1.0000 | 1.0000 | -1.0000 | 0.9889 |
2024-11-21 15:35:03,495 => saving checkpoint to output/Auto/pose_hrnet/w48_384x288_adam_lr1e-3_auto/2024-11-21-15-30
2024-11-21 15:35:03,503 # Best AP 0.986908690869087
2024-11-21 15:35:04,336 Epoch: [41][0/3]	Time 0.830s (0.830s)	Speed 9.6 samples/s	Data 0.325s (0.325s)	Loss 0.000039 (0.000039)	acc 1.000 (1.000)
2024-11-21 15:35:07,143 Test: [0/2]	Time 0.668 (0.668)	Loss 0.00008 (0.00008)	acc 1.000 (1.000)
2024-11-21 15:35:08,327 => writing results json to output/Auto/pose_hrnet/w48_384x288_adam_lr1e-3_auto/2024-11-21-15-30/results/keypoints_validation_results_0.json
2024-11-21 15:35:08,346 | Arch | AP | Ap .5 | AP .75 | AP (M) | AP (L) | AR | AR .5 | AR .75 | AR (M) | AR (L) |
2024-11-21 15:35:08,346 |---|---|---|---|---|---|---|---|---|---|---|
2024-11-21 15:35:08,346 | pose_hrnet | 1.0000 | 1.0000 | 1.0000 | -1.0000 | 1.0000 | 1.0000 | 1.0000 | 1.0000 | -1.0000 | 1.0000 |
2024-11-21 15:35:08,346 => saving checkpoint to output/Auto/pose_hrnet/w48_384x288_adam_lr1e-3_auto/2024-11-21-15-30
2024-11-21 15:35:10,684 # Best AP 1.0
2024-11-21 15:35:11,556 Epoch: [42][0/3]	Time 0.868s (0.868s)	Speed 9.2 samples/s	Data 0.363s (0.363s)	Loss 0.000057 (0.000057)	acc 1.000 (1.000)
2024-11-21 15:35:14,489 Test: [0/2]	Time 0.734 (0.734)	Loss 0.00008 (0.00008)	acc 1.000 (1.000)
2024-11-21 15:35:15,708 => writing results json to output/Auto/pose_hrnet/w48_384x288_adam_lr1e-3_auto/2024-11-21-15-30/results/keypoints_validation_results_0.json
2024-11-21 15:35:15,727 | Arch | AP | Ap .5 | AP .75 | AP (M) | AP (L) | AR | AR .5 | AR .75 | AR (M) | AR (L) |
2024-11-21 15:35:15,727 |---|---|---|---|---|---|---|---|---|---|---|
2024-11-21 15:35:15,727 | pose_hrnet | 0.9881 | 1.0000 | 1.0000 | -1.0000 | 0.9881 | 0.9889 | 1.0000 | 1.0000 | -1.0000 | 0.9889 |
2024-11-21 15:35:15,727 => saving checkpoint to output/Auto/pose_hrnet/w48_384x288_adam_lr1e-3_auto/2024-11-21-15-30
2024-11-21 15:35:15,735 # Best AP 1.0
2024-11-21 15:35:16,548 Epoch: [43][0/3]	Time 0.812s (0.812s)	Speed 9.9 samples/s	Data 0.349s (0.349s)	Loss 0.000063 (0.000063)	acc 1.000 (1.000)
2024-11-21 15:35:19,397 Test: [0/2]	Time 0.741 (0.741)	Loss 0.00007 (0.00007)	acc 1.000 (1.000)
2024-11-21 15:35:20,615 => writing results json to output/Auto/pose_hrnet/w48_384x288_adam_lr1e-3_auto/2024-11-21-15-30/results/keypoints_validation_results_0.json
2024-11-21 15:35:20,634 | Arch | AP | Ap .5 | AP .75 | AP (M) | AP (L) | AR | AR .5 | AR .75 | AR (M) | AR (L) |
2024-11-21 15:35:20,634 |---|---|---|---|---|---|---|---|---|---|---|
2024-11-21 15:35:20,635 | pose_hrnet | 0.9686 | 1.0000 | 1.0000 | -1.0000 | 0.9686 | 0.9778 | 1.0000 | 1.0000 | -1.0000 | 0.9778 |
2024-11-21 15:35:20,635 => saving checkpoint to output/Auto/pose_hrnet/w48_384x288_adam_lr1e-3_auto/2024-11-21-15-30
2024-11-21 15:35:20,643 # Best AP 1.0
2024-11-21 15:35:21,565 Epoch: [44][0/3]	Time 0.921s (0.921s)	Speed 8.7 samples/s	Data 0.362s (0.362s)	Loss 0.000042 (0.000042)	acc 1.000 (1.000)
2024-11-21 15:35:24,302 Test: [0/2]	Time 0.661 (0.661)	Loss 0.00008 (0.00008)	acc 1.000 (1.000)
2024-11-21 15:35:25,519 => writing results json to output/Auto/pose_hrnet/w48_384x288_adam_lr1e-3_auto/2024-11-21-15-30/results/keypoints_validation_results_0.json
2024-11-21 15:35:25,539 | Arch | AP | Ap .5 | AP .75 | AP (M) | AP (L) | AR | AR .5 | AR .75 | AR (M) | AR (L) |
2024-11-21 15:35:25,539 |---|---|---|---|---|---|---|---|---|---|---|
2024-11-21 15:35:25,539 | pose_hrnet | 0.9165 | 1.0000 | 1.0000 | -1.0000 | 0.9165 | 0.9444 | 1.0000 | 1.0000 | -1.0000 | 0.9444 |
2024-11-21 15:35:25,539 => saving checkpoint to output/Auto/pose_hrnet/w48_384x288_adam_lr1e-3_auto/2024-11-21-15-30
2024-11-21 15:35:25,547 # Best AP 1.0
2024-11-21 15:35:26,360 Epoch: [45][0/3]	Time 0.811s (0.811s)	Speed 9.9 samples/s	Data 0.332s (0.332s)	Loss 0.000036 (0.000036)	acc 1.000 (1.000)
2024-11-21 15:35:29,236 Test: [0/2]	Time 0.667 (0.667)	Loss 0.00008 (0.00008)	acc 1.000 (1.000)
2024-11-21 15:35:30,448 => writing results json to output/Auto/pose_hrnet/w48_384x288_adam_lr1e-3_auto/2024-11-21-15-30/results/keypoints_validation_results_0.json
2024-11-21 15:35:30,466 | Arch | AP | Ap .5 | AP .75 | AP (M) | AP (L) | AR | AR .5 | AR .75 | AR (M) | AR (L) |
2024-11-21 15:35:30,467 |---|---|---|---|---|---|---|---|---|---|---|
2024-11-21 15:35:30,467 | pose_hrnet | 0.9074 | 1.0000 | 1.0000 | -1.0000 | 0.9074 | 0.9333 | 1.0000 | 1.0000 | -1.0000 | 0.9333 |
2024-11-21 15:35:30,467 => saving checkpoint to output/Auto/pose_hrnet/w48_384x288_adam_lr1e-3_auto/2024-11-21-15-30
2024-11-21 15:35:30,475 # Best AP 1.0
2024-11-21 15:35:31,233 Epoch: [46][0/3]	Time 0.756s (0.756s)	Speed 10.6 samples/s	Data 0.292s (0.292s)	Loss 0.000044 (0.000044)	acc 1.000 (1.000)
2024-11-21 15:35:34,033 Test: [0/2]	Time 0.694 (0.694)	Loss 0.00007 (0.00007)	acc 1.000 (1.000)
2024-11-21 15:35:35,246 => writing results json to output/Auto/pose_hrnet/w48_384x288_adam_lr1e-3_auto/2024-11-21-15-30/results/keypoints_validation_results_0.json
2024-11-21 15:35:35,265 | Arch | AP | Ap .5 | AP .75 | AP (M) | AP (L) | AR | AR .5 | AR .75 | AR (M) | AR (L) |
2024-11-21 15:35:35,265 |---|---|---|---|---|---|---|---|---|---|---|
2024-11-21 15:35:35,265 | pose_hrnet | 0.9211 | 1.0000 | 1.0000 | -1.0000 | 0.9211 | 0.9444 | 1.0000 | 1.0000 | -1.0000 | 0.9444 |
2024-11-21 15:35:35,266 => saving checkpoint to output/Auto/pose_hrnet/w48_384x288_adam_lr1e-3_auto/2024-11-21-15-30
2024-11-21 15:35:35,274 # Best AP 1.0
2024-11-21 15:35:36,110 Epoch: [47][0/3]	Time 0.834s (0.834s)	Speed 9.6 samples/s	Data 0.333s (0.333s)	Loss 0.000065 (0.000065)	acc 1.000 (1.000)
2024-11-21 15:35:39,054 Test: [0/2]	Time 0.727 (0.727)	Loss 0.00007 (0.00007)	acc 1.000 (1.000)
2024-11-21 15:35:40,264 => writing results json to output/Auto/pose_hrnet/w48_384x288_adam_lr1e-3_auto/2024-11-21-15-30/results/keypoints_validation_results_0.json
2024-11-21 15:35:40,283 | Arch | AP | Ap .5 | AP .75 | AP (M) | AP (L) | AR | AR .5 | AR .75 | AR (M) | AR (L) |
2024-11-21 15:35:40,283 |---|---|---|---|---|---|---|---|---|---|---|
2024-11-21 15:35:40,283 | pose_hrnet | 0.9596 | 1.0000 | 1.0000 | -1.0000 | 0.9596 | 0.9667 | 1.0000 | 1.0000 | -1.0000 | 0.9667 |
2024-11-21 15:35:40,283 => saving checkpoint to output/Auto/pose_hrnet/w48_384x288_adam_lr1e-3_auto/2024-11-21-15-30
2024-11-21 15:35:40,291 # Best AP 1.0
2024-11-21 15:35:41,096 Epoch: [48][0/3]	Time 0.803s (0.803s)	Speed 10.0 samples/s	Data 0.348s (0.348s)	Loss 0.000052 (0.000052)	acc 1.000 (1.000)
2024-11-21 15:35:43,885 Test: [0/2]	Time 0.685 (0.685)	Loss 0.00008 (0.00008)	acc 1.000 (1.000)
2024-11-21 15:35:45,098 => writing results json to output/Auto/pose_hrnet/w48_384x288_adam_lr1e-3_auto/2024-11-21-15-30/results/keypoints_validation_results_0.json
2024-11-21 15:35:45,116 | Arch | AP | Ap .5 | AP .75 | AP (M) | AP (L) | AR | AR .5 | AR .75 | AR (M) | AR (L) |
2024-11-21 15:35:45,117 |---|---|---|---|---|---|---|---|---|---|---|
2024-11-21 15:35:45,117 | pose_hrnet | 1.0000 | 1.0000 | 1.0000 | -1.0000 | 1.0000 | 1.0000 | 1.0000 | 1.0000 | -1.0000 | 1.0000 |
2024-11-21 15:35:45,117 => saving checkpoint to output/Auto/pose_hrnet/w48_384x288_adam_lr1e-3_auto/2024-11-21-15-30
2024-11-21 15:35:47,421 # Best AP 1.0
2024-11-21 15:35:48,230 Epoch: [49][0/3]	Time 0.802s (0.802s)	Speed 10.0 samples/s	Data 0.333s (0.333s)	Loss 0.000060 (0.000060)	acc 1.000 (1.000)
2024-11-21 15:35:51,136 Test: [0/2]	Time 0.677 (0.677)	Loss 0.00008 (0.00008)	acc 1.000 (1.000)
2024-11-21 15:35:52,353 => writing results json to output/Auto/pose_hrnet/w48_384x288_adam_lr1e-3_auto/2024-11-21-15-30/results/keypoints_validation_results_0.json
2024-11-21 15:35:52,371 | Arch | AP | Ap .5 | AP .75 | AP (M) | AP (L) | AR | AR .5 | AR .75 | AR (M) | AR (L) |
2024-11-21 15:35:52,371 |---|---|---|---|---|---|---|---|---|---|---|
2024-11-21 15:35:52,371 | pose_hrnet | 1.0000 | 1.0000 | 1.0000 | -1.0000 | 1.0000 | 1.0000 | 1.0000 | 1.0000 | -1.0000 | 1.0000 |
2024-11-21 15:35:52,371 => saving checkpoint to output/Auto/pose_hrnet/w48_384x288_adam_lr1e-3_auto/2024-11-21-15-30
2024-11-21 15:35:54,819 # Best AP 1.0
2024-11-21 15:35:55,698 Epoch: [50][0/3]	Time 0.875s (0.875s)	Speed 9.1 samples/s	Data 0.371s (0.371s)	Loss 0.000055 (0.000055)	acc 1.000 (1.000)
2024-11-21 15:35:58,542 Test: [0/2]	Time 0.773 (0.773)	Loss 0.00006 (0.00006)	acc 1.000 (1.000)
2024-11-21 15:35:59,721 => writing results json to output/Auto/pose_hrnet/w48_384x288_adam_lr1e-3_auto/2024-11-21-15-30/results/keypoints_validation_results_0.json
2024-11-21 15:35:59,740 | Arch | AP | Ap .5 | AP .75 | AP (M) | AP (L) | AR | AR .5 | AR .75 | AR (M) | AR (L) |
2024-11-21 15:35:59,740 |---|---|---|---|---|---|---|---|---|---|---|
2024-11-21 15:35:59,740 | pose_hrnet | 0.9565 | 1.0000 | 1.0000 | -1.0000 | 0.9565 | 0.9667 | 1.0000 | 1.0000 | -1.0000 | 0.9667 |
2024-11-21 15:35:59,741 => saving checkpoint to output/Auto/pose_hrnet/w48_384x288_adam_lr1e-3_auto/2024-11-21-15-30
2024-11-21 15:35:59,748 # Best AP 1.0
2024-11-21 15:36:00,544 Epoch: [51][0/3]	Time 0.794s (0.794s)	Speed 10.1 samples/s	Data 0.327s (0.327s)	Loss 0.000049 (0.000049)	acc 1.000 (1.000)
2024-11-21 15:36:03,302 Test: [0/2]	Time 0.683 (0.683)	Loss 0.00006 (0.00006)	acc 1.000 (1.000)
2024-11-21 15:36:04,504 => writing results json to output/Auto/pose_hrnet/w48_384x288_adam_lr1e-3_auto/2024-11-21-15-30/results/keypoints_validation_results_0.json
2024-11-21 15:36:04,523 | Arch | AP | Ap .5 | AP .75 | AP (M) | AP (L) | AR | AR .5 | AR .75 | AR (M) | AR (L) |
2024-11-21 15:36:04,523 |---|---|---|---|---|---|---|---|---|---|---|
2024-11-21 15:36:04,523 | pose_hrnet | 0.9249 | 1.0000 | 1.0000 | -1.0000 | 0.9249 | 0.9444 | 1.0000 | 1.0000 | -1.0000 | 0.9444 |
2024-11-21 15:36:04,523 => saving checkpoint to output/Auto/pose_hrnet/w48_384x288_adam_lr1e-3_auto/2024-11-21-15-30
2024-11-21 15:36:04,531 # Best AP 1.0
2024-11-21 15:36:05,331 Epoch: [52][0/3]	Time 0.797s (0.797s)	Speed 10.0 samples/s	Data 0.323s (0.323s)	Loss 0.000031 (0.000031)	acc 1.000 (1.000)
2024-11-21 15:36:08,210 Test: [0/2]	Time 0.776 (0.776)	Loss 0.00006 (0.00006)	acc 1.000 (1.000)
2024-11-21 15:36:09,437 => writing results json to output/Auto/pose_hrnet/w48_384x288_adam_lr1e-3_auto/2024-11-21-15-30/results/keypoints_validation_results_0.json
2024-11-21 15:36:09,457 | Arch | AP | Ap .5 | AP .75 | AP (M) | AP (L) | AR | AR .5 | AR .75 | AR (M) | AR (L) |
2024-11-21 15:36:09,457 |---|---|---|---|---|---|---|---|---|---|---|
2024-11-21 15:36:09,457 | pose_hrnet | 0.9845 | 1.0000 | 1.0000 | -1.0000 | 0.9845 | 0.9889 | 1.0000 | 1.0000 | -1.0000 | 0.9889 |
2024-11-21 15:36:09,457 => saving checkpoint to output/Auto/pose_hrnet/w48_384x288_adam_lr1e-3_auto/2024-11-21-15-30
2024-11-21 15:36:09,465 # Best AP 1.0
2024-11-21 15:36:10,293 Epoch: [53][0/3]	Time 0.826s (0.826s)	Speed 9.7 samples/s	Data 0.319s (0.319s)	Loss 0.000071 (0.000071)	acc 1.000 (1.000)
2024-11-21 15:36:13,118 Test: [0/2]	Time 0.700 (0.700)	Loss 0.00006 (0.00006)	acc 1.000 (1.000)
2024-11-21 15:36:14,341 => writing results json to output/Auto/pose_hrnet/w48_384x288_adam_lr1e-3_auto/2024-11-21-15-30/results/keypoints_validation_results_0.json
2024-11-21 15:36:14,361 | Arch | AP | Ap .5 | AP .75 | AP (M) | AP (L) | AR | AR .5 | AR .75 | AR (M) | AR (L) |
2024-11-21 15:36:14,361 |---|---|---|---|---|---|---|---|---|---|---|
2024-11-21 15:36:14,361 | pose_hrnet | 1.0000 | 1.0000 | 1.0000 | -1.0000 | 1.0000 | 1.0000 | 1.0000 | 1.0000 | -1.0000 | 1.0000 |
2024-11-21 15:36:14,361 => saving checkpoint to output/Auto/pose_hrnet/w48_384x288_adam_lr1e-3_auto/2024-11-21-15-30
2024-11-21 15:36:16,698 # Best AP 1.0
2024-11-21 15:36:17,559 Epoch: [54][0/3]	Time 0.857s (0.857s)	Speed 9.3 samples/s	Data 0.356s (0.356s)	Loss 0.000053 (0.000053)	acc 1.000 (1.000)
2024-11-21 15:36:20,446 Test: [0/2]	Time 0.681 (0.681)	Loss 0.00008 (0.00008)	acc 1.000 (1.000)
2024-11-21 15:36:21,623 => writing results json to output/Auto/pose_hrnet/w48_384x288_adam_lr1e-3_auto/2024-11-21-15-30/results/keypoints_validation_results_0.json
2024-11-21 15:36:21,642 | Arch | AP | Ap .5 | AP .75 | AP (M) | AP (L) | AR | AR .5 | AR .75 | AR (M) | AR (L) |
2024-11-21 15:36:21,642 |---|---|---|---|---|---|---|---|---|---|---|
2024-11-21 15:36:21,642 | pose_hrnet | 0.9611 | 1.0000 | 1.0000 | -1.0000 | 0.9611 | 0.9778 | 1.0000 | 1.0000 | -1.0000 | 0.9778 |
2024-11-21 15:36:21,643 => saving checkpoint to output/Auto/pose_hrnet/w48_384x288_adam_lr1e-3_auto/2024-11-21-15-30
2024-11-21 15:36:21,650 # Best AP 1.0
2024-11-21 15:36:22,437 Epoch: [55][0/3]	Time 0.785s (0.785s)	Speed 10.2 samples/s	Data 0.321s (0.321s)	Loss 0.000043 (0.000043)	acc 1.000 (1.000)
2024-11-21 15:36:25,334 Test: [0/2]	Time 0.800 (0.800)	Loss 0.00010 (0.00010)	acc 1.000 (1.000)
2024-11-21 15:36:26,511 => writing results json to output/Auto/pose_hrnet/w48_384x288_adam_lr1e-3_auto/2024-11-21-15-30/results/keypoints_validation_results_0.json
2024-11-21 15:36:26,530 | Arch | AP | Ap .5 | AP .75 | AP (M) | AP (L) | AR | AR .5 | AR .75 | AR (M) | AR (L) |
2024-11-21 15:36:26,530 |---|---|---|---|---|---|---|---|---|---|---|
2024-11-21 15:36:26,530 | pose_hrnet | 0.9678 | 1.0000 | 1.0000 | -1.0000 | 0.9678 | 0.9778 | 1.0000 | 1.0000 | -1.0000 | 0.9778 |
2024-11-21 15:36:26,530 => saving checkpoint to output/Auto/pose_hrnet/w48_384x288_adam_lr1e-3_auto/2024-11-21-15-30
2024-11-21 15:36:26,538 # Best AP 1.0
2024-11-21 15:36:27,348 Epoch: [56][0/3]	Time 0.809s (0.809s)	Speed 9.9 samples/s	Data 0.353s (0.353s)	Loss 0.000055 (0.000055)	acc 1.000 (1.000)
2024-11-21 15:36:30,094 Test: [0/2]	Time 0.671 (0.671)	Loss 0.00009 (0.00009)	acc 1.000 (1.000)
2024-11-21 15:36:31,283 => writing results json to output/Auto/pose_hrnet/w48_384x288_adam_lr1e-3_auto/2024-11-21-15-30/results/keypoints_validation_results_0.json
2024-11-21 15:36:31,301 | Arch | AP | Ap .5 | AP .75 | AP (M) | AP (L) | AR | AR .5 | AR .75 | AR (M) | AR (L) |
2024-11-21 15:36:31,301 |---|---|---|---|---|---|---|---|---|---|---|
2024-11-21 15:36:31,301 | pose_hrnet | 0.9678 | 1.0000 | 1.0000 | -1.0000 | 0.9678 | 0.9778 | 1.0000 | 1.0000 | -1.0000 | 0.9778 |
2024-11-21 15:36:31,301 => saving checkpoint to output/Auto/pose_hrnet/w48_384x288_adam_lr1e-3_auto/2024-11-21-15-30
2024-11-21 15:36:31,309 # Best AP 1.0
2024-11-21 15:36:32,087 Epoch: [57][0/3]	Time 0.776s (0.776s)	Speed 10.3 samples/s	Data 0.315s (0.315s)	Loss 0.000061 (0.000061)	acc 1.000 (1.000)
2024-11-21 15:36:34,923 Test: [0/2]	Time 0.682 (0.682)	Loss 0.00008 (0.00008)	acc 1.000 (1.000)
2024-11-21 15:36:36,131 => writing results json to output/Auto/pose_hrnet/w48_384x288_adam_lr1e-3_auto/2024-11-21-15-30/results/keypoints_validation_results_0.json
2024-11-21 15:36:36,151 | Arch | AP | Ap .5 | AP .75 | AP (M) | AP (L) | AR | AR .5 | AR .75 | AR (M) | AR (L) |
2024-11-21 15:36:36,151 |---|---|---|---|---|---|---|---|---|---|---|
2024-11-21 15:36:36,151 | pose_hrnet | 0.9442 | 1.0000 | 1.0000 | -1.0000 | 0.9442 | 0.9667 | 1.0000 | 1.0000 | -1.0000 | 0.9667 |
2024-11-21 15:36:36,151 => saving checkpoint to output/Auto/pose_hrnet/w48_384x288_adam_lr1e-3_auto/2024-11-21-15-30
2024-11-21 15:36:36,159 # Best AP 1.0
2024-11-21 15:36:36,988 Epoch: [58][0/3]	Time 0.827s (0.827s)	Speed 9.7 samples/s	Data 0.349s (0.349s)	Loss 0.000048 (0.000048)	acc 1.000 (1.000)
2024-11-21 15:36:39,745 Test: [0/2]	Time 0.686 (0.686)	Loss 0.00006 (0.00006)	acc 1.000 (1.000)
2024-11-21 15:36:40,965 => writing results json to output/Auto/pose_hrnet/w48_384x288_adam_lr1e-3_auto/2024-11-21-15-30/results/keypoints_validation_results_0.json
2024-11-21 15:36:40,984 | Arch | AP | Ap .5 | AP .75 | AP (M) | AP (L) | AR | AR .5 | AR .75 | AR (M) | AR (L) |
2024-11-21 15:36:40,984 |---|---|---|---|---|---|---|---|---|---|---|
2024-11-21 15:36:40,984 | pose_hrnet | 0.9857 | 1.0000 | 1.0000 | -1.0000 | 0.9857 | 0.9889 | 1.0000 | 1.0000 | -1.0000 | 0.9889 |
2024-11-21 15:36:40,985 => saving checkpoint to output/Auto/pose_hrnet/w48_384x288_adam_lr1e-3_auto/2024-11-21-15-30
2024-11-21 15:36:40,992 # Best AP 1.0
2024-11-21 15:36:41,813 Epoch: [59][0/3]	Time 0.818s (0.818s)	Speed 9.8 samples/s	Data 0.349s (0.349s)	Loss 0.000040 (0.000040)	acc 1.000 (1.000)
2024-11-21 15:36:44,710 Test: [0/2]	Time 0.694 (0.694)	Loss 0.00006 (0.00006)	acc 1.000 (1.000)
2024-11-21 15:36:45,920 => writing results json to output/Auto/pose_hrnet/w48_384x288_adam_lr1e-3_auto/2024-11-21-15-30/results/keypoints_validation_results_0.json
2024-11-21 15:36:45,939 | Arch | AP | Ap .5 | AP .75 | AP (M) | AP (L) | AR | AR .5 | AR .75 | AR (M) | AR (L) |
2024-11-21 15:36:45,939 |---|---|---|---|---|---|---|---|---|---|---|
2024-11-21 15:36:45,939 | pose_hrnet | 1.0000 | 1.0000 | 1.0000 | -1.0000 | 1.0000 | 1.0000 | 1.0000 | 1.0000 | -1.0000 | 1.0000 |
2024-11-21 15:36:45,939 => saving checkpoint to output/Auto/pose_hrnet/w48_384x288_adam_lr1e-3_auto/2024-11-21-15-30
2024-11-21 15:36:48,368 # Best AP 1.0
2024-11-21 15:36:49,198 Epoch: [60][0/3]	Time 0.825s (0.825s)	Speed 9.7 samples/s	Data 0.347s (0.347s)	Loss 0.000038 (0.000038)	acc 1.000 (1.000)
2024-11-21 15:36:51,952 Test: [0/2]	Time 0.689 (0.689)	Loss 0.00006 (0.00006)	acc 1.000 (1.000)
2024-11-21 15:36:53,169 => writing results json to output/Auto/pose_hrnet/w48_384x288_adam_lr1e-3_auto/2024-11-21-15-30/results/keypoints_validation_results_0.json
2024-11-21 15:36:53,199 | Arch | AP | Ap .5 | AP .75 | AP (M) | AP (L) | AR | AR .5 | AR .75 | AR (M) | AR (L) |
2024-11-21 15:36:53,199 |---|---|---|---|---|---|---|---|---|---|---|
2024-11-21 15:36:53,199 | pose_hrnet | 0.9783 | 1.0000 | 1.0000 | -1.0000 | 0.9783 | 0.9889 | 1.0000 | 1.0000 | -1.0000 | 0.9889 |
2024-11-21 15:36:53,199 => saving checkpoint to output/Auto/pose_hrnet/w48_384x288_adam_lr1e-3_auto/2024-11-21-15-30
2024-11-21 15:36:53,208 # Best AP 1.0
2024-11-21 15:36:53,996 Epoch: [61][0/3]	Time 0.785s (0.785s)	Speed 10.2 samples/s	Data 0.317s (0.317s)	Loss 0.000040 (0.000040)	acc 1.000 (1.000)
2024-11-21 15:36:56,910 Test: [0/2]	Time 0.696 (0.696)	Loss 0.00007 (0.00007)	acc 1.000 (1.000)
2024-11-21 15:36:58,121 => writing results json to output/Auto/pose_hrnet/w48_384x288_adam_lr1e-3_auto/2024-11-21-15-30/results/keypoints_validation_results_0.json
2024-11-21 15:36:58,140 | Arch | AP | Ap .5 | AP .75 | AP (M) | AP (L) | AR | AR .5 | AR .75 | AR (M) | AR (L) |
2024-11-21 15:36:58,140 |---|---|---|---|---|---|---|---|---|---|---|
2024-11-21 15:36:58,140 | pose_hrnet | 0.9651 | 1.0000 | 1.0000 | -1.0000 | 0.9651 | 0.9778 | 1.0000 | 1.0000 | -1.0000 | 0.9778 |
2024-11-21 15:36:58,140 => saving checkpoint to output/Auto/pose_hrnet/w48_384x288_adam_lr1e-3_auto/2024-11-21-15-30
2024-11-21 15:36:58,148 # Best AP 1.0
2024-11-21 15:36:58,966 Epoch: [62][0/3]	Time 0.816s (0.816s)	Speed 9.8 samples/s	Data 0.312s (0.312s)	Loss 0.000052 (0.000052)	acc 1.000 (1.000)
2024-11-21 15:37:01,795 Test: [0/2]	Time 0.704 (0.704)	Loss 0.00009 (0.00009)	acc 1.000 (1.000)
2024-11-21 15:37:03,016 => writing results json to output/Auto/pose_hrnet/w48_384x288_adam_lr1e-3_auto/2024-11-21-15-30/results/keypoints_validation_results_0.json
2024-11-21 15:37:03,034 | Arch | AP | Ap .5 | AP .75 | AP (M) | AP (L) | AR | AR .5 | AR .75 | AR (M) | AR (L) |
2024-11-21 15:37:03,034 |---|---|---|---|---|---|---|---|---|---|---|
2024-11-21 15:37:03,034 | pose_hrnet | 0.9372 | 1.0000 | 1.0000 | -1.0000 | 0.9372 | 0.9556 | 1.0000 | 1.0000 | -1.0000 | 0.9556 |
2024-11-21 15:37:03,035 => saving checkpoint to output/Auto/pose_hrnet/w48_384x288_adam_lr1e-3_auto/2024-11-21-15-30
2024-11-21 15:37:03,042 # Best AP 1.0
2024-11-21 15:37:03,861 Epoch: [63][0/3]	Time 0.817s (0.817s)	Speed 9.8 samples/s	Data 0.356s (0.356s)	Loss 0.000051 (0.000051)	acc 1.000 (1.000)
2024-11-21 15:37:06,843 Test: [0/2]	Time 0.766 (0.766)	Loss 0.00009 (0.00009)	acc 1.000 (1.000)
2024-11-21 15:37:08,038 => writing results json to output/Auto/pose_hrnet/w48_384x288_adam_lr1e-3_auto/2024-11-21-15-30/results/keypoints_validation_results_0.json
2024-11-21 15:37:08,056 | Arch | AP | Ap .5 | AP .75 | AP (M) | AP (L) | AR | AR .5 | AR .75 | AR (M) | AR (L) |
2024-11-21 15:37:08,056 |---|---|---|---|---|---|---|---|---|---|---|
2024-11-21 15:37:08,056 | pose_hrnet | 0.9376 | 1.0000 | 1.0000 | -1.0000 | 0.9376 | 0.9556 | 1.0000 | 1.0000 | -1.0000 | 0.9556 |
2024-11-21 15:37:08,057 => saving checkpoint to output/Auto/pose_hrnet/w48_384x288_adam_lr1e-3_auto/2024-11-21-15-30
2024-11-21 15:37:08,065 # Best AP 1.0
2024-11-21 15:37:08,907 Epoch: [64][0/3]	Time 0.841s (0.841s)	Speed 9.5 samples/s	Data 0.329s (0.329s)	Loss 0.000031 (0.000031)	acc 1.000 (1.000)
2024-11-21 15:37:11,848 Test: [0/2]	Time 0.823 (0.823)	Loss 0.00009 (0.00009)	acc 1.000 (1.000)
2024-11-21 15:37:13,043 => writing results json to output/Auto/pose_hrnet/w48_384x288_adam_lr1e-3_auto/2024-11-21-15-30/results/keypoints_validation_results_0.json
2024-11-21 15:37:13,062 | Arch | AP | Ap .5 | AP .75 | AP (M) | AP (L) | AR | AR .5 | AR .75 | AR (M) | AR (L) |
2024-11-21 15:37:13,062 |---|---|---|---|---|---|---|---|---|---|---|
2024-11-21 15:37:13,062 | pose_hrnet | 0.9748 | 1.0000 | 1.0000 | -1.0000 | 0.9748 | 0.9778 | 1.0000 | 1.0000 | -1.0000 | 0.9778 |
2024-11-21 15:37:13,062 => saving checkpoint to output/Auto/pose_hrnet/w48_384x288_adam_lr1e-3_auto/2024-11-21-15-30
2024-11-21 15:37:13,070 # Best AP 1.0
2024-11-21 15:37:13,879 Epoch: [65][0/3]	Time 0.808s (0.808s)	Speed 9.9 samples/s	Data 0.341s (0.341s)	Loss 0.000057 (0.000057)	acc 1.000 (1.000)
2024-11-21 15:37:16,701 Test: [0/2]	Time 0.691 (0.691)	Loss 0.00008 (0.00008)	acc 1.000 (1.000)
2024-11-21 15:37:17,942 => writing results json to output/Auto/pose_hrnet/w48_384x288_adam_lr1e-3_auto/2024-11-21-15-30/results/keypoints_validation_results_0.json
2024-11-21 15:37:17,965 | Arch | AP | Ap .5 | AP .75 | AP (M) | AP (L) | AR | AR .5 | AR .75 | AR (M) | AR (L) |
2024-11-21 15:37:17,965 |---|---|---|---|---|---|---|---|---|---|---|
2024-11-21 15:37:17,965 | pose_hrnet | 0.9821 | 1.0000 | 1.0000 | -1.0000 | 0.9821 | 0.9889 | 1.0000 | 1.0000 | -1.0000 | 0.9889 |
2024-11-21 15:37:17,966 => saving checkpoint to output/Auto/pose_hrnet/w48_384x288_adam_lr1e-3_auto/2024-11-21-15-30
2024-11-21 15:37:17,973 # Best AP 1.0
2024-11-21 15:37:18,831 Epoch: [66][0/3]	Time 0.855s (0.855s)	Speed 9.4 samples/s	Data 0.351s (0.351s)	Loss 0.000042 (0.000042)	acc 1.000 (1.000)
2024-11-21 15:37:21,779 Test: [0/2]	Time 0.697 (0.697)	Loss 0.00007 (0.00007)	acc 1.000 (1.000)
2024-11-21 15:37:23,001 => writing results json to output/Auto/pose_hrnet/w48_384x288_adam_lr1e-3_auto/2024-11-21-15-30/results/keypoints_validation_results_0.json
2024-11-21 15:37:23,020 | Arch | AP | Ap .5 | AP .75 | AP (M) | AP (L) | AR | AR .5 | AR .75 | AR (M) | AR (L) |
2024-11-21 15:37:23,020 |---|---|---|---|---|---|---|---|---|---|---|
2024-11-21 15:37:23,020 | pose_hrnet | 1.0000 | 1.0000 | 1.0000 | -1.0000 | 1.0000 | 1.0000 | 1.0000 | 1.0000 | -1.0000 | 1.0000 |
2024-11-21 15:37:23,020 => saving checkpoint to output/Auto/pose_hrnet/w48_384x288_adam_lr1e-3_auto/2024-11-21-15-30
2024-11-21 15:37:25,344 # Best AP 1.0
2024-11-21 15:37:26,194 Epoch: [67][0/3]	Time 0.845s (0.845s)	Speed 9.5 samples/s	Data 0.365s (0.365s)	Loss 0.000050 (0.000050)	acc 1.000 (1.000)
2024-11-21 15:37:28,956 Test: [0/2]	Time 0.699 (0.699)	Loss 0.00007 (0.00007)	acc 1.000 (1.000)
2024-11-21 15:37:30,216 => writing results json to output/Auto/pose_hrnet/w48_384x288_adam_lr1e-3_auto/2024-11-21-15-30/results/keypoints_validation_results_0.json
2024-11-21 15:37:30,234 | Arch | AP | Ap .5 | AP .75 | AP (M) | AP (L) | AR | AR .5 | AR .75 | AR (M) | AR (L) |
2024-11-21 15:37:30,234 |---|---|---|---|---|---|---|---|---|---|---|
2024-11-21 15:37:30,234 | pose_hrnet | 0.9482 | 1.0000 | 1.0000 | -1.0000 | 0.9482 | 0.9667 | 1.0000 | 1.0000 | -1.0000 | 0.9667 |
2024-11-21 15:37:30,235 => saving checkpoint to output/Auto/pose_hrnet/w48_384x288_adam_lr1e-3_auto/2024-11-21-15-30
2024-11-21 15:37:30,242 # Best AP 1.0
2024-11-21 15:37:31,053 Epoch: [68][0/3]	Time 0.809s (0.809s)	Speed 9.9 samples/s	Data 0.319s (0.319s)	Loss 0.000043 (0.000043)	acc 1.000 (1.000)
2024-11-21 15:37:33,788 Test: [0/2]	Time 0.673 (0.673)	Loss 0.00008 (0.00008)	acc 1.000 (1.000)
2024-11-21 15:37:34,958 => writing results json to output/Auto/pose_hrnet/w48_384x288_adam_lr1e-3_auto/2024-11-21-15-30/results/keypoints_validation_results_0.json
2024-11-21 15:37:34,977 | Arch | AP | Ap .5 | AP .75 | AP (M) | AP (L) | AR | AR .5 | AR .75 | AR (M) | AR (L) |
2024-11-21 15:37:34,977 |---|---|---|---|---|---|---|---|---|---|---|
2024-11-21 15:37:34,977 | pose_hrnet | 0.9442 | 1.0000 | 1.0000 | -1.0000 | 0.9442 | 0.9667 | 1.0000 | 1.0000 | -1.0000 | 0.9667 |
2024-11-21 15:37:34,977 => saving checkpoint to output/Auto/pose_hrnet/w48_384x288_adam_lr1e-3_auto/2024-11-21-15-30
2024-11-21 15:37:34,985 # Best AP 1.0
2024-11-21 15:37:35,794 Epoch: [69][0/3]	Time 0.808s (0.808s)	Speed 9.9 samples/s	Data 0.329s (0.329s)	Loss 0.000074 (0.000074)	acc 1.000 (1.000)
2024-11-21 15:37:38,677 Test: [0/2]	Time 0.782 (0.782)	Loss 0.00008 (0.00008)	acc 1.000 (1.000)
2024-11-21 15:37:39,885 => writing results json to output/Auto/pose_hrnet/w48_384x288_adam_lr1e-3_auto/2024-11-21-15-30/results/keypoints_validation_results_0.json
2024-11-21 15:37:39,904 | Arch | AP | Ap .5 | AP .75 | AP (M) | AP (L) | AR | AR .5 | AR .75 | AR (M) | AR (L) |
2024-11-21 15:37:39,904 |---|---|---|---|---|---|---|---|---|---|---|
2024-11-21 15:37:39,904 | pose_hrnet | 0.9442 | 1.0000 | 1.0000 | -1.0000 | 0.9442 | 0.9667 | 1.0000 | 1.0000 | -1.0000 | 0.9667 |
2024-11-21 15:37:39,904 => saving checkpoint to output/Auto/pose_hrnet/w48_384x288_adam_lr1e-3_auto/2024-11-21-15-30
2024-11-21 15:37:39,912 # Best AP 1.0
2024-11-21 15:37:40,725 Epoch: [70][0/3]	Time 0.811s (0.811s)	Speed 9.9 samples/s	Data 0.348s (0.348s)	Loss 0.000060 (0.000060)	acc 1.000 (1.000)
2024-11-21 15:37:43,467 Test: [0/2]	Time 0.674 (0.674)	Loss 0.00007 (0.00007)	acc 1.000 (1.000)
2024-11-21 15:37:44,653 => writing results json to output/Auto/pose_hrnet/w48_384x288_adam_lr1e-3_auto/2024-11-21-15-30/results/keypoints_validation_results_0.json
2024-11-21 15:37:44,672 | Arch | AP | Ap .5 | AP .75 | AP (M) | AP (L) | AR | AR .5 | AR .75 | AR (M) | AR (L) |
2024-11-21 15:37:44,672 |---|---|---|---|---|---|---|---|---|---|---|
2024-11-21 15:37:44,672 | pose_hrnet | 0.9783 | 1.0000 | 1.0000 | -1.0000 | 0.9783 | 0.9889 | 1.0000 | 1.0000 | -1.0000 | 0.9889 |
2024-11-21 15:37:44,672 => saving checkpoint to output/Auto/pose_hrnet/w48_384x288_adam_lr1e-3_auto/2024-11-21-15-30
2024-11-21 15:37:44,680 # Best AP 1.0
2024-11-21 15:37:45,456 Epoch: [71][0/3]	Time 0.774s (0.774s)	Speed 10.3 samples/s	Data 0.310s (0.310s)	Loss 0.000041 (0.000041)	acc 1.000 (1.000)
2024-11-21 15:37:48,339 Test: [0/2]	Time 0.706 (0.706)	Loss 0.00007 (0.00007)	acc 1.000 (1.000)
2024-11-21 15:37:49,540 => writing results json to output/Auto/pose_hrnet/w48_384x288_adam_lr1e-3_auto/2024-11-21-15-30/results/keypoints_validation_results_0.json
2024-11-21 15:37:49,559 | Arch | AP | Ap .5 | AP .75 | AP (M) | AP (L) | AR | AR .5 | AR .75 | AR (M) | AR (L) |
2024-11-21 15:37:49,559 |---|---|---|---|---|---|---|---|---|---|---|
2024-11-21 15:37:49,559 | pose_hrnet | 0.9783 | 1.0000 | 1.0000 | -1.0000 | 0.9783 | 0.9889 | 1.0000 | 1.0000 | -1.0000 | 0.9889 |
2024-11-21 15:37:49,560 => saving checkpoint to output/Auto/pose_hrnet/w48_384x288_adam_lr1e-3_auto/2024-11-21-15-30
2024-11-21 15:37:49,567 # Best AP 1.0
2024-11-21 15:37:50,386 Epoch: [72][0/3]	Time 0.817s (0.817s)	Speed 9.8 samples/s	Data 0.334s (0.334s)	Loss 0.000065 (0.000065)	acc 1.000 (1.000)
2024-11-21 15:37:53,166 Test: [0/2]	Time 0.704 (0.704)	Loss 0.00007 (0.00007)	acc 1.000 (1.000)
2024-11-21 15:37:54,323 => writing results json to output/Auto/pose_hrnet/w48_384x288_adam_lr1e-3_auto/2024-11-21-15-30/results/keypoints_validation_results_0.json
2024-11-21 15:37:54,341 | Arch | AP | Ap .5 | AP .75 | AP (M) | AP (L) | AR | AR .5 | AR .75 | AR (M) | AR (L) |
2024-11-21 15:37:54,341 |---|---|---|---|---|---|---|---|---|---|---|
2024-11-21 15:37:54,341 | pose_hrnet | 0.9783 | 1.0000 | 1.0000 | -1.0000 | 0.9783 | 0.9889 | 1.0000 | 1.0000 | -1.0000 | 0.9889 |
2024-11-21 15:37:54,342 => saving checkpoint to output/Auto/pose_hrnet/w48_384x288_adam_lr1e-3_auto/2024-11-21-15-30
2024-11-21 15:37:54,350 # Best AP 1.0
2024-11-21 15:37:55,280 Epoch: [73][0/3]	Time 0.928s (0.928s)	Speed 8.6 samples/s	Data 0.349s (0.349s)	Loss 0.000052 (0.000052)	acc 1.000 (1.000)
2024-11-21 15:37:58,083 Test: [0/2]	Time 0.717 (0.717)	Loss 0.00006 (0.00006)	acc 1.000 (1.000)
2024-11-21 15:37:59,302 => writing results json to output/Auto/pose_hrnet/w48_384x288_adam_lr1e-3_auto/2024-11-21-15-30/results/keypoints_validation_results_0.json
2024-11-21 15:37:59,321 | Arch | AP | Ap .5 | AP .75 | AP (M) | AP (L) | AR | AR .5 | AR .75 | AR (M) | AR (L) |
2024-11-21 15:37:59,321 |---|---|---|---|---|---|---|---|---|---|---|
2024-11-21 15:37:59,321 | pose_hrnet | 0.9627 | 1.0000 | 1.0000 | -1.0000 | 0.9627 | 0.9778 | 1.0000 | 1.0000 | -1.0000 | 0.9778 |
2024-11-21 15:37:59,321 => saving checkpoint to output/Auto/pose_hrnet/w48_384x288_adam_lr1e-3_auto/2024-11-21-15-30
2024-11-21 15:37:59,329 # Best AP 1.0
2024-11-21 15:38:00,151 Epoch: [74][0/3]	Time 0.820s (0.820s)	Speed 9.8 samples/s	Data 0.358s (0.358s)	Loss 0.000046 (0.000046)	acc 1.000 (1.000)
2024-11-21 15:38:02,974 Test: [0/2]	Time 0.679 (0.679)	Loss 0.00006 (0.00006)	acc 1.000 (1.000)
2024-11-21 15:38:04,304 => writing results json to output/Auto/pose_hrnet/w48_384x288_adam_lr1e-3_auto/2024-11-21-15-30/results/keypoints_validation_results_0.json
2024-11-21 15:38:04,323 | Arch | AP | Ap .5 | AP .75 | AP (M) | AP (L) | AR | AR .5 | AR .75 | AR (M) | AR (L) |
2024-11-21 15:38:04,323 |---|---|---|---|---|---|---|---|---|---|---|
2024-11-21 15:38:04,323 | pose_hrnet | 0.9783 | 1.0000 | 1.0000 | -1.0000 | 0.9783 | 0.9889 | 1.0000 | 1.0000 | -1.0000 | 0.9889 |
2024-11-21 15:38:04,323 => saving checkpoint to output/Auto/pose_hrnet/w48_384x288_adam_lr1e-3_auto/2024-11-21-15-30
2024-11-21 15:38:04,331 # Best AP 1.0
2024-11-21 15:38:05,136 Epoch: [75][0/3]	Time 0.803s (0.803s)	Speed 10.0 samples/s	Data 0.317s (0.317s)	Loss 0.000050 (0.000050)	acc 1.000 (1.000)
2024-11-21 15:38:07,984 Test: [0/2]	Time 0.743 (0.743)	Loss 0.00007 (0.00007)	acc 1.000 (1.000)
2024-11-21 15:38:09,208 => writing results json to output/Auto/pose_hrnet/w48_384x288_adam_lr1e-3_auto/2024-11-21-15-30/results/keypoints_validation_results_0.json
2024-11-21 15:38:09,227 | Arch | AP | Ap .5 | AP .75 | AP (M) | AP (L) | AR | AR .5 | AR .75 | AR (M) | AR (L) |
2024-11-21 15:38:09,227 |---|---|---|---|---|---|---|---|---|---|---|
2024-11-21 15:38:09,227 | pose_hrnet | 0.9821 | 1.0000 | 1.0000 | -1.0000 | 0.9821 | 0.9889 | 1.0000 | 1.0000 | -1.0000 | 0.9889 |
2024-11-21 15:38:09,227 => saving checkpoint to output/Auto/pose_hrnet/w48_384x288_adam_lr1e-3_auto/2024-11-21-15-30
2024-11-21 15:38:09,235 # Best AP 1.0
2024-11-21 15:38:10,030 Epoch: [76][0/3]	Time 0.793s (0.793s)	Speed 10.1 samples/s	Data 0.324s (0.324s)	Loss 0.000040 (0.000040)	acc 1.000 (1.000)
2024-11-21 15:38:12,902 Test: [0/2]	Time 0.769 (0.769)	Loss 0.00007 (0.00007)	acc 1.000 (1.000)
2024-11-21 15:38:14,118 => writing results json to output/Auto/pose_hrnet/w48_384x288_adam_lr1e-3_auto/2024-11-21-15-30/results/keypoints_validation_results_0.json
2024-11-21 15:38:14,137 | Arch | AP | Ap .5 | AP .75 | AP (M) | AP (L) | AR | AR .5 | AR .75 | AR (M) | AR (L) |
2024-11-21 15:38:14,137 |---|---|---|---|---|---|---|---|---|---|---|
2024-11-21 15:38:14,137 | pose_hrnet | 0.9678 | 1.0000 | 1.0000 | -1.0000 | 0.9678 | 0.9778 | 1.0000 | 1.0000 | -1.0000 | 0.9778 |
2024-11-21 15:38:14,137 => saving checkpoint to output/Auto/pose_hrnet/w48_384x288_adam_lr1e-3_auto/2024-11-21-15-30
2024-11-21 15:38:14,145 # Best AP 1.0
2024-11-21 15:38:15,006 Epoch: [77][0/3]	Time 0.859s (0.859s)	Speed 9.3 samples/s	Data 0.357s (0.357s)	Loss 0.000043 (0.000043)	acc 1.000 (1.000)
2024-11-21 15:38:17,806 Test: [0/2]	Time 0.678 (0.678)	Loss 0.00007 (0.00007)	acc 1.000 (1.000)
2024-11-21 15:38:19,023 => writing results json to output/Auto/pose_hrnet/w48_384x288_adam_lr1e-3_auto/2024-11-21-15-30/results/keypoints_validation_results_0.json
2024-11-21 15:38:19,042 | Arch | AP | Ap .5 | AP .75 | AP (M) | AP (L) | AR | AR .5 | AR .75 | AR (M) | AR (L) |
2024-11-21 15:38:19,042 |---|---|---|---|---|---|---|---|---|---|---|
2024-11-21 15:38:19,042 | pose_hrnet | 0.9563 | 1.0000 | 1.0000 | -1.0000 | 0.9563 | 0.9667 | 1.0000 | 1.0000 | -1.0000 | 0.9667 |
2024-11-21 15:38:19,042 => saving checkpoint to output/Auto/pose_hrnet/w48_384x288_adam_lr1e-3_auto/2024-11-21-15-30
2024-11-21 15:38:19,050 # Best AP 1.0
2024-11-21 15:38:19,908 Epoch: [78][0/3]	Time 0.856s (0.856s)	Speed 9.3 samples/s	Data 0.353s (0.353s)	Loss 0.000026 (0.000026)	acc 1.000 (1.000)
2024-11-21 15:38:22,826 Test: [0/2]	Time 0.707 (0.707)	Loss 0.00006 (0.00006)	acc 1.000 (1.000)
2024-11-21 15:38:24,054 => writing results json to output/Auto/pose_hrnet/w48_384x288_adam_lr1e-3_auto/2024-11-21-15-30/results/keypoints_validation_results_0.json
2024-11-21 15:38:24,073 | Arch | AP | Ap .5 | AP .75 | AP (M) | AP (L) | AR | AR .5 | AR .75 | AR (M) | AR (L) |
2024-11-21 15:38:24,073 |---|---|---|---|---|---|---|---|---|---|---|
2024-11-21 15:38:24,073 | pose_hrnet | 0.9845 | 1.0000 | 1.0000 | -1.0000 | 0.9845 | 0.9889 | 1.0000 | 1.0000 | -1.0000 | 0.9889 |
2024-11-21 15:38:24,074 => saving checkpoint to output/Auto/pose_hrnet/w48_384x288_adam_lr1e-3_auto/2024-11-21-15-30
2024-11-21 15:38:24,081 # Best AP 1.0
2024-11-21 15:38:24,907 Epoch: [79][0/3]	Time 0.824s (0.824s)	Speed 9.7 samples/s	Data 0.361s (0.361s)	Loss 0.000030 (0.000030)	acc 1.000 (1.000)
2024-11-21 15:38:27,707 Test: [0/2]	Time 0.688 (0.688)	Loss 0.00007 (0.00007)	acc 1.000 (1.000)
2024-11-21 15:38:28,920 => writing results json to output/Auto/pose_hrnet/w48_384x288_adam_lr1e-3_auto/2024-11-21-15-30/results/keypoints_validation_results_0.json
2024-11-21 15:38:28,939 | Arch | AP | Ap .5 | AP .75 | AP (M) | AP (L) | AR | AR .5 | AR .75 | AR (M) | AR (L) |
2024-11-21 15:38:28,939 |---|---|---|---|---|---|---|---|---|---|---|
2024-11-21 15:38:28,939 | pose_hrnet | 0.9518 | 1.0000 | 1.0000 | -1.0000 | 0.9518 | 0.9667 | 1.0000 | 1.0000 | -1.0000 | 0.9667 |
2024-11-21 15:38:28,939 => saving checkpoint to output/Auto/pose_hrnet/w48_384x288_adam_lr1e-3_auto/2024-11-21-15-30
2024-11-21 15:38:28,947 # Best AP 1.0
2024-11-21 15:38:29,857 Epoch: [80][0/3]	Time 0.908s (0.908s)	Speed 8.8 samples/s	Data 0.332s (0.332s)	Loss 0.000029 (0.000029)	acc 1.000 (1.000)
2024-11-21 15:38:32,677 Test: [0/2]	Time 0.709 (0.709)	Loss 0.00006 (0.00006)	acc 1.000 (1.000)
2024-11-21 15:38:33,893 => writing results json to output/Auto/pose_hrnet/w48_384x288_adam_lr1e-3_auto/2024-11-21-15-30/results/keypoints_validation_results_0.json
2024-11-21 15:38:33,912 | Arch | AP | Ap .5 | AP .75 | AP (M) | AP (L) | AR | AR .5 | AR .75 | AR (M) | AR (L) |
2024-11-21 15:38:33,912 |---|---|---|---|---|---|---|---|---|---|---|
2024-11-21 15:38:33,912 | pose_hrnet | 0.9552 | 1.0000 | 1.0000 | -1.0000 | 0.9552 | 0.9667 | 1.0000 | 1.0000 | -1.0000 | 0.9667 |
2024-11-21 15:38:33,912 => saving checkpoint to output/Auto/pose_hrnet/w48_384x288_adam_lr1e-3_auto/2024-11-21-15-30
2024-11-21 15:38:33,920 # Best AP 1.0
2024-11-21 15:38:34,740 Epoch: [81][0/3]	Time 0.817s (0.817s)	Speed 9.8 samples/s	Data 0.316s (0.316s)	Loss 0.000035 (0.000035)	acc 1.000 (1.000)
2024-11-21 15:38:37,542 Test: [0/2]	Time 0.683 (0.683)	Loss 0.00006 (0.00006)	acc 1.000 (1.000)
2024-11-21 15:38:38,869 => writing results json to output/Auto/pose_hrnet/w48_384x288_adam_lr1e-3_auto/2024-11-21-15-30/results/keypoints_validation_results_0.json
2024-11-21 15:38:38,888 | Arch | AP | Ap .5 | AP .75 | AP (M) | AP (L) | AR | AR .5 | AR .75 | AR (M) | AR (L) |
2024-11-21 15:38:38,888 |---|---|---|---|---|---|---|---|---|---|---|
2024-11-21 15:38:38,888 | pose_hrnet | 1.0000 | 1.0000 | 1.0000 | -1.0000 | 1.0000 | 1.0000 | 1.0000 | 1.0000 | -1.0000 | 1.0000 |
2024-11-21 15:38:38,888 => saving checkpoint to output/Auto/pose_hrnet/w48_384x288_adam_lr1e-3_auto/2024-11-21-15-30
2024-11-21 15:38:41,190 # Best AP 1.0
2024-11-21 15:38:42,067 Epoch: [82][0/3]	Time 0.872s (0.872s)	Speed 9.2 samples/s	Data 0.369s (0.369s)	Loss 0.000038 (0.000038)	acc 1.000 (1.000)
2024-11-21 15:38:44,859 Test: [0/2]	Time 0.680 (0.680)	Loss 0.00006 (0.00006)	acc 1.000 (1.000)
2024-11-21 15:38:46,056 => writing results json to output/Auto/pose_hrnet/w48_384x288_adam_lr1e-3_auto/2024-11-21-15-30/results/keypoints_validation_results_0.json
2024-11-21 15:38:46,075 | Arch | AP | Ap .5 | AP .75 | AP (M) | AP (L) | AR | AR .5 | AR .75 | AR (M) | AR (L) |
2024-11-21 15:38:46,075 |---|---|---|---|---|---|---|---|---|---|---|
2024-11-21 15:38:46,075 | pose_hrnet | 1.0000 | 1.0000 | 1.0000 | -1.0000 | 1.0000 | 1.0000 | 1.0000 | 1.0000 | -1.0000 | 1.0000 |
2024-11-21 15:38:46,076 => saving checkpoint to output/Auto/pose_hrnet/w48_384x288_adam_lr1e-3_auto/2024-11-21-15-30
2024-11-21 15:38:48,412 # Best AP 1.0
2024-11-21 15:38:49,230 Epoch: [83][0/3]	Time 0.816s (0.816s)	Speed 9.8 samples/s	Data 0.332s (0.332s)	Loss 0.000044 (0.000044)	acc 1.000 (1.000)
2024-11-21 15:38:52,086 Test: [0/2]	Time 0.674 (0.674)	Loss 0.00006 (0.00006)	acc 1.000 (1.000)
2024-11-21 15:38:53,291 => writing results json to output/Auto/pose_hrnet/w48_384x288_adam_lr1e-3_auto/2024-11-21-15-30/results/keypoints_validation_results_0.json
2024-11-21 15:38:53,310 | Arch | AP | Ap .5 | AP .75 | AP (M) | AP (L) | AR | AR .5 | AR .75 | AR (M) | AR (L) |
2024-11-21 15:38:53,310 |---|---|---|---|---|---|---|---|---|---|---|
2024-11-21 15:38:53,310 | pose_hrnet | 0.9731 | 1.0000 | 1.0000 | -1.0000 | 0.9731 | 0.9778 | 1.0000 | 1.0000 | -1.0000 | 0.9778 |
2024-11-21 15:38:53,310 => saving checkpoint to output/Auto/pose_hrnet/w48_384x288_adam_lr1e-3_auto/2024-11-21-15-30
2024-11-21 15:38:53,318 # Best AP 1.0
2024-11-21 15:38:54,177 Epoch: [84][0/3]	Time 0.857s (0.857s)	Speed 9.3 samples/s	Data 0.350s (0.350s)	Loss 0.000052 (0.000052)	acc 1.000 (1.000)
2024-11-21 15:38:57,001 Test: [0/2]	Time 0.669 (0.669)	Loss 0.00006 (0.00006)	acc 1.000 (1.000)
2024-11-21 15:38:58,238 => writing results json to output/Auto/pose_hrnet/w48_384x288_adam_lr1e-3_auto/2024-11-21-15-30/results/keypoints_validation_results_0.json
2024-11-21 15:38:58,257 | Arch | AP | Ap .5 | AP .75 | AP (M) | AP (L) | AR | AR .5 | AR .75 | AR (M) | AR (L) |
2024-11-21 15:38:58,257 |---|---|---|---|---|---|---|---|---|---|---|
2024-11-21 15:38:58,257 | pose_hrnet | 0.9651 | 1.0000 | 1.0000 | -1.0000 | 0.9651 | 0.9778 | 1.0000 | 1.0000 | -1.0000 | 0.9778 |
2024-11-21 15:38:58,257 => saving checkpoint to output/Auto/pose_hrnet/w48_384x288_adam_lr1e-3_auto/2024-11-21-15-30
2024-11-21 15:38:58,265 # Best AP 1.0
2024-11-21 15:38:59,059 Epoch: [85][0/3]	Time 0.792s (0.792s)	Speed 10.1 samples/s	Data 0.322s (0.322s)	Loss 0.000034 (0.000034)	acc 1.000 (1.000)
2024-11-21 15:39:01,974 Test: [0/2]	Time 0.684 (0.684)	Loss 0.00006 (0.00006)	acc 1.000 (1.000)
2024-11-21 15:39:03,171 => writing results json to output/Auto/pose_hrnet/w48_384x288_adam_lr1e-3_auto/2024-11-21-15-30/results/keypoints_validation_results_0.json
2024-11-21 15:39:03,190 | Arch | AP | Ap .5 | AP .75 | AP (M) | AP (L) | AR | AR .5 | AR .75 | AR (M) | AR (L) |
2024-11-21 15:39:03,190 |---|---|---|---|---|---|---|---|---|---|---|
2024-11-21 15:39:03,190 | pose_hrnet | 1.0000 | 1.0000 | 1.0000 | -1.0000 | 1.0000 | 1.0000 | 1.0000 | 1.0000 | -1.0000 | 1.0000 |
2024-11-21 15:39:03,191 => saving checkpoint to output/Auto/pose_hrnet/w48_384x288_adam_lr1e-3_auto/2024-11-21-15-30
2024-11-21 15:39:05,648 # Best AP 1.0
2024-11-21 15:39:06,438 Epoch: [86][0/3]	Time 0.787s (0.787s)	Speed 10.2 samples/s	Data 0.311s (0.311s)	Loss 0.000040 (0.000040)	acc 1.000 (1.000)
2024-11-21 15:39:09,263 Test: [0/2]	Time 0.692 (0.692)	Loss 0.00006 (0.00006)	acc 1.000 (1.000)
2024-11-21 15:39:10,571 => writing results json to output/Auto/pose_hrnet/w48_384x288_adam_lr1e-3_auto/2024-11-21-15-30/results/keypoints_validation_results_0.json
2024-11-21 15:39:10,590 | Arch | AP | Ap .5 | AP .75 | AP (M) | AP (L) | AR | AR .5 | AR .75 | AR (M) | AR (L) |
2024-11-21 15:39:10,590 |---|---|---|---|---|---|---|---|---|---|---|
2024-11-21 15:39:10,590 | pose_hrnet | 0.9783 | 1.0000 | 1.0000 | -1.0000 | 0.9783 | 0.9889 | 1.0000 | 1.0000 | -1.0000 | 0.9889 |
2024-11-21 15:39:10,590 => saving checkpoint to output/Auto/pose_hrnet/w48_384x288_adam_lr1e-3_auto/2024-11-21-15-30
2024-11-21 15:39:10,598 # Best AP 1.0
2024-11-21 15:39:11,434 Epoch: [87][0/3]	Time 0.834s (0.834s)	Speed 9.6 samples/s	Data 0.351s (0.351s)	Loss 0.000035 (0.000035)	acc 1.000 (1.000)
2024-11-21 15:39:14,229 Test: [0/2]	Time 0.681 (0.681)	Loss 0.00006 (0.00006)	acc 1.000 (1.000)
2024-11-21 15:39:15,448 => writing results json to output/Auto/pose_hrnet/w48_384x288_adam_lr1e-3_auto/2024-11-21-15-30/results/keypoints_validation_results_0.json
2024-11-21 15:39:15,467 | Arch | AP | Ap .5 | AP .75 | AP (M) | AP (L) | AR | AR .5 | AR .75 | AR (M) | AR (L) |
2024-11-21 15:39:15,467 |---|---|---|---|---|---|---|---|---|---|---|
2024-11-21 15:39:15,467 | pose_hrnet | 0.9783 | 1.0000 | 1.0000 | -1.0000 | 0.9783 | 0.9889 | 1.0000 | 1.0000 | -1.0000 | 0.9889 |
2024-11-21 15:39:15,467 => saving checkpoint to output/Auto/pose_hrnet/w48_384x288_adam_lr1e-3_auto/2024-11-21-15-30
2024-11-21 15:39:15,475 # Best AP 1.0
2024-11-21 15:39:16,261 Epoch: [88][0/3]	Time 0.784s (0.784s)	Speed 10.2 samples/s	Data 0.315s (0.315s)	Loss 0.000065 (0.000065)	acc 1.000 (1.000)
2024-11-21 15:39:19,150 Test: [0/2]	Time 0.677 (0.677)	Loss 0.00008 (0.00008)	acc 1.000 (1.000)
2024-11-21 15:39:20,347 => writing results json to output/Auto/pose_hrnet/w48_384x288_adam_lr1e-3_auto/2024-11-21-15-30/results/keypoints_validation_results_0.json
2024-11-21 15:39:20,366 | Arch | AP | Ap .5 | AP .75 | AP (M) | AP (L) | AR | AR .5 | AR .75 | AR (M) | AR (L) |
2024-11-21 15:39:20,366 |---|---|---|---|---|---|---|---|---|---|---|
2024-11-21 15:39:20,366 | pose_hrnet | 0.9627 | 1.0000 | 1.0000 | -1.0000 | 0.9627 | 0.9778 | 1.0000 | 1.0000 | -1.0000 | 0.9778 |
2024-11-21 15:39:20,366 => saving checkpoint to output/Auto/pose_hrnet/w48_384x288_adam_lr1e-3_auto/2024-11-21-15-30
2024-11-21 15:39:20,374 # Best AP 1.0
2024-11-21 15:39:21,138 Epoch: [89][0/3]	Time 0.762s (0.762s)	Speed 10.5 samples/s	Data 0.302s (0.302s)	Loss 0.000036 (0.000036)	acc 1.000 (1.000)
2024-11-21 15:39:23,963 Test: [0/2]	Time 0.693 (0.693)	Loss 0.00008 (0.00008)	acc 1.000 (1.000)
2024-11-21 15:39:25,179 => writing results json to output/Auto/pose_hrnet/w48_384x288_adam_lr1e-3_auto/2024-11-21-15-30/results/keypoints_validation_results_0.json
2024-11-21 15:39:25,198 | Arch | AP | Ap .5 | AP .75 | AP (M) | AP (L) | AR | AR .5 | AR .75 | AR (M) | AR (L) |
2024-11-21 15:39:25,198 |---|---|---|---|---|---|---|---|---|---|---|
2024-11-21 15:39:25,198 | pose_hrnet | 0.9627 | 1.0000 | 1.0000 | -1.0000 | 0.9627 | 0.9778 | 1.0000 | 1.0000 | -1.0000 | 0.9778 |
2024-11-21 15:39:25,199 => saving checkpoint to output/Auto/pose_hrnet/w48_384x288_adam_lr1e-3_auto/2024-11-21-15-30
2024-11-21 15:39:25,206 # Best AP 1.0
2024-11-21 15:39:26,104 Epoch: [90][0/3]	Time 0.896s (0.896s)	Speed 8.9 samples/s	Data 0.332s (0.332s)	Loss 0.000032 (0.000032)	acc 1.000 (1.000)
2024-11-21 15:39:28,914 Test: [0/2]	Time 0.702 (0.702)	Loss 0.00007 (0.00007)	acc 1.000 (1.000)
2024-11-21 15:39:30,104 => writing results json to output/Auto/pose_hrnet/w48_384x288_adam_lr1e-3_auto/2024-11-21-15-30/results/keypoints_validation_results_0.json
2024-11-21 15:39:30,123 | Arch | AP | Ap .5 | AP .75 | AP (M) | AP (L) | AR | AR .5 | AR .75 | AR (M) | AR (L) |
2024-11-21 15:39:30,123 |---|---|---|---|---|---|---|---|---|---|---|
2024-11-21 15:39:30,123 | pose_hrnet | 0.9442 | 1.0000 | 1.0000 | -1.0000 | 0.9442 | 0.9667 | 1.0000 | 1.0000 | -1.0000 | 0.9667 |
2024-11-21 15:39:30,123 => saving checkpoint to output/Auto/pose_hrnet/w48_384x288_adam_lr1e-3_auto/2024-11-21-15-30
2024-11-21 15:39:30,131 # Best AP 1.0
2024-11-21 15:39:30,959 Epoch: [91][0/3]	Time 0.826s (0.826s)	Speed 9.7 samples/s	Data 0.338s (0.338s)	Loss 0.000042 (0.000042)	acc 1.000 (1.000)
2024-11-21 15:39:33,755 Test: [0/2]	Time 0.698 (0.698)	Loss 0.00007 (0.00007)	acc 1.000 (1.000)
2024-11-21 15:39:34,966 => writing results json to output/Auto/pose_hrnet/w48_384x288_adam_lr1e-3_auto/2024-11-21-15-30/results/keypoints_validation_results_0.json
2024-11-21 15:39:34,985 | Arch | AP | Ap .5 | AP .75 | AP (M) | AP (L) | AR | AR .5 | AR .75 | AR (M) | AR (L) |
2024-11-21 15:39:34,985 |---|---|---|---|---|---|---|---|---|---|---|
2024-11-21 15:39:34,985 | pose_hrnet | 0.9442 | 1.0000 | 1.0000 | -1.0000 | 0.9442 | 0.9667 | 1.0000 | 1.0000 | -1.0000 | 0.9667 |
2024-11-21 15:39:34,986 => saving checkpoint to output/Auto/pose_hrnet/w48_384x288_adam_lr1e-3_auto/2024-11-21-15-30
2024-11-21 15:39:34,993 # Best AP 1.0
2024-11-21 15:39:35,872 Epoch: [92][0/3]	Time 0.877s (0.877s)	Speed 9.1 samples/s	Data 0.309s (0.309s)	Loss 0.000021 (0.000021)	acc 1.000 (1.000)
2024-11-21 15:39:38,692 Test: [0/2]	Time 0.689 (0.689)	Loss 0.00006 (0.00006)	acc 1.000 (1.000)
2024-11-21 15:39:39,887 => writing results json to output/Auto/pose_hrnet/w48_384x288_adam_lr1e-3_auto/2024-11-21-15-30/results/keypoints_validation_results_0.json
2024-11-21 15:39:39,906 | Arch | AP | Ap .5 | AP .75 | AP (M) | AP (L) | AR | AR .5 | AR .75 | AR (M) | AR (L) |
2024-11-21 15:39:39,906 |---|---|---|---|---|---|---|---|---|---|---|
2024-11-21 15:39:39,906 | pose_hrnet | 0.9796 | 1.0000 | 1.0000 | -1.0000 | 0.9796 | 0.9889 | 1.0000 | 1.0000 | -1.0000 | 0.9889 |
2024-11-21 15:39:39,906 => saving checkpoint to output/Auto/pose_hrnet/w48_384x288_adam_lr1e-3_auto/2024-11-21-15-30
2024-11-21 15:39:39,915 # Best AP 1.0
2024-11-21 15:39:40,725 Epoch: [93][0/3]	Time 0.809s (0.809s)	Speed 9.9 samples/s	Data 0.316s (0.316s)	Loss 0.000020 (0.000020)	acc 1.000 (1.000)
2024-11-21 15:39:43,485 Test: [0/2]	Time 0.676 (0.676)	Loss 0.00006 (0.00006)	acc 1.000 (1.000)
2024-11-21 15:39:44,707 => writing results json to output/Auto/pose_hrnet/w48_384x288_adam_lr1e-3_auto/2024-11-21-15-30/results/keypoints_validation_results_0.json
2024-11-21 15:39:44,725 | Arch | AP | Ap .5 | AP .75 | AP (M) | AP (L) | AR | AR .5 | AR .75 | AR (M) | AR (L) |
2024-11-21 15:39:44,725 |---|---|---|---|---|---|---|---|---|---|---|
2024-11-21 15:39:44,725 | pose_hrnet | 0.9796 | 1.0000 | 1.0000 | -1.0000 | 0.9796 | 0.9889 | 1.0000 | 1.0000 | -1.0000 | 0.9889 |
2024-11-21 15:39:44,726 => saving checkpoint to output/Auto/pose_hrnet/w48_384x288_adam_lr1e-3_auto/2024-11-21-15-30
2024-11-21 15:39:44,814 # Best AP 1.0
2024-11-21 15:39:45,622 Epoch: [94][0/3]	Time 0.806s (0.806s)	Speed 9.9 samples/s	Data 0.326s (0.326s)	Loss 0.000029 (0.000029)	acc 1.000 (1.000)
2024-11-21 15:39:48,457 Test: [0/2]	Time 0.682 (0.682)	Loss 0.00006 (0.00006)	acc 1.000 (1.000)
2024-11-21 15:39:49,679 => writing results json to output/Auto/pose_hrnet/w48_384x288_adam_lr1e-3_auto/2024-11-21-15-30/results/keypoints_validation_results_0.json
2024-11-21 15:39:49,699 | Arch | AP | Ap .5 | AP .75 | AP (M) | AP (L) | AR | AR .5 | AR .75 | AR (M) | AR (L) |
2024-11-21 15:39:49,699 |---|---|---|---|---|---|---|---|---|---|---|
2024-11-21 15:39:49,699 | pose_hrnet | 0.9691 | 1.0000 | 1.0000 | -1.0000 | 0.9691 | 0.9778 | 1.0000 | 1.0000 | -1.0000 | 0.9778 |
2024-11-21 15:39:49,699 => saving checkpoint to output/Auto/pose_hrnet/w48_384x288_adam_lr1e-3_auto/2024-11-21-15-30
2024-11-21 15:39:49,707 # Best AP 1.0
2024-11-21 15:39:50,563 Epoch: [95][0/3]	Time 0.854s (0.854s)	Speed 9.4 samples/s	Data 0.350s (0.350s)	Loss 0.000056 (0.000056)	acc 1.000 (1.000)
2024-11-21 15:39:53,510 Test: [0/2]	Time 0.713 (0.713)	Loss 0.00006 (0.00006)	acc 1.000 (1.000)
2024-11-21 15:39:54,669 => writing results json to output/Auto/pose_hrnet/w48_384x288_adam_lr1e-3_auto/2024-11-21-15-30/results/keypoints_validation_results_0.json
2024-11-21 15:39:54,687 | Arch | AP | Ap .5 | AP .75 | AP (M) | AP (L) | AR | AR .5 | AR .75 | AR (M) | AR (L) |
2024-11-21 15:39:54,687 |---|---|---|---|---|---|---|---|---|---|---|
2024-11-21 15:39:54,687 | pose_hrnet | 0.9809 | 1.0000 | 1.0000 | -1.0000 | 0.9809 | 0.9889 | 1.0000 | 1.0000 | -1.0000 | 0.9889 |
2024-11-21 15:39:54,688 => saving checkpoint to output/Auto/pose_hrnet/w48_384x288_adam_lr1e-3_auto/2024-11-21-15-30
2024-11-21 15:39:54,695 # Best AP 1.0
2024-11-21 15:39:55,481 Epoch: [96][0/3]	Time 0.784s (0.784s)	Speed 10.2 samples/s	Data 0.315s (0.315s)	Loss 0.000048 (0.000048)	acc 1.000 (1.000)
2024-11-21 15:39:58,227 Test: [0/2]	Time 0.688 (0.688)	Loss 0.00006 (0.00006)	acc 1.000 (1.000)
2024-11-21 15:39:59,383 => writing results json to output/Auto/pose_hrnet/w48_384x288_adam_lr1e-3_auto/2024-11-21-15-30/results/keypoints_validation_results_0.json
2024-11-21 15:39:59,401 | Arch | AP | Ap .5 | AP .75 | AP (M) | AP (L) | AR | AR .5 | AR .75 | AR (M) | AR (L) |
2024-11-21 15:39:59,401 |---|---|---|---|---|---|---|---|---|---|---|
2024-11-21 15:39:59,401 | pose_hrnet | 0.9656 | 1.0000 | 1.0000 | -1.0000 | 0.9656 | 0.9778 | 1.0000 | 1.0000 | -1.0000 | 0.9778 |
2024-11-21 15:39:59,401 => saving checkpoint to output/Auto/pose_hrnet/w48_384x288_adam_lr1e-3_auto/2024-11-21-15-30
2024-11-21 15:39:59,409 # Best AP 1.0
2024-11-21 15:40:00,303 Epoch: [97][0/3]	Time 0.893s (0.893s)	Speed 9.0 samples/s	Data 0.323s (0.323s)	Loss 0.000036 (0.000036)	acc 1.000 (1.000)
2024-11-21 15:40:03,100 Test: [0/2]	Time 0.680 (0.680)	Loss 0.00007 (0.00007)	acc 1.000 (1.000)
2024-11-21 15:40:04,297 => writing results json to output/Auto/pose_hrnet/w48_384x288_adam_lr1e-3_auto/2024-11-21-15-30/results/keypoints_validation_results_0.json
2024-11-21 15:40:04,316 | Arch | AP | Ap .5 | AP .75 | AP (M) | AP (L) | AR | AR .5 | AR .75 | AR (M) | AR (L) |
2024-11-21 15:40:04,316 |---|---|---|---|---|---|---|---|---|---|---|
2024-11-21 15:40:04,316 | pose_hrnet | 0.9718 | 1.0000 | 1.0000 | -1.0000 | 0.9718 | 0.9778 | 1.0000 | 1.0000 | -1.0000 | 0.9778 |
2024-11-21 15:40:04,316 => saving checkpoint to output/Auto/pose_hrnet/w48_384x288_adam_lr1e-3_auto/2024-11-21-15-30
2024-11-21 15:40:04,324 # Best AP 1.0
2024-11-21 15:40:05,084 Epoch: [98][0/3]	Time 0.758s (0.758s)	Speed 10.6 samples/s	Data 0.297s (0.297s)	Loss 0.000037 (0.000037)	acc 1.000 (1.000)
2024-11-21 15:40:07,924 Test: [0/2]	Time 0.702 (0.702)	Loss 0.00007 (0.00007)	acc 1.000 (1.000)
2024-11-21 15:40:09,231 => writing results json to output/Auto/pose_hrnet/w48_384x288_adam_lr1e-3_auto/2024-11-21-15-30/results/keypoints_validation_results_0.json
2024-11-21 15:40:09,249 | Arch | AP | Ap .5 | AP .75 | AP (M) | AP (L) | AR | AR .5 | AR .75 | AR (M) | AR (L) |
2024-11-21 15:40:09,249 |---|---|---|---|---|---|---|---|---|---|---|
2024-11-21 15:40:09,249 | pose_hrnet | 0.9733 | 1.0000 | 1.0000 | -1.0000 | 0.9733 | 0.9778 | 1.0000 | 1.0000 | -1.0000 | 0.9778 |
2024-11-21 15:40:09,250 => saving checkpoint to output/Auto/pose_hrnet/w48_384x288_adam_lr1e-3_auto/2024-11-21-15-30
2024-11-21 15:40:09,257 # Best AP 1.0
2024-11-21 15:40:10,086 Epoch: [99][0/3]	Time 0.827s (0.827s)	Speed 9.7 samples/s	Data 0.361s (0.361s)	Loss 0.000035 (0.000035)	acc 1.000 (1.000)
2024-11-21 15:40:12,956 Test: [0/2]	Time 0.718 (0.718)	Loss 0.00006 (0.00006)	acc 1.000 (1.000)
2024-11-21 15:40:14,180 => writing results json to output/Auto/pose_hrnet/w48_384x288_adam_lr1e-3_auto/2024-11-21-15-30/results/keypoints_validation_results_0.json
2024-11-21 15:40:14,199 | Arch | AP | Ap .5 | AP .75 | AP (M) | AP (L) | AR | AR .5 | AR .75 | AR (M) | AR (L) |
2024-11-21 15:40:14,199 |---|---|---|---|---|---|---|---|---|---|---|
2024-11-21 15:40:14,199 | pose_hrnet | 0.9704 | 1.0000 | 1.0000 | -1.0000 | 0.9704 | 0.9778 | 1.0000 | 1.0000 | -1.0000 | 0.9778 |
2024-11-21 15:40:14,199 => saving checkpoint to output/Auto/pose_hrnet/w48_384x288_adam_lr1e-3_auto/2024-11-21-15-30
2024-11-21 15:40:14,207 # Best AP 1.0
2024-11-21 15:40:14,207 => saving final model state to output/Auto/pose_hrnet/w48_384x288_adam_lr1e-3_auto/2024-11-21-15-30/final_state.pth
